<?xml version="1.0" encoding="UTF-8" ?>
<testsuite failures="14" time="0.847" errors="0" skipped="0" tests="21" name="org.mashti.synopsis.MarkdownTest">
  <properties>
[...]
</properties>
  <testcase time="0.064" classname="org.mashti.synopsis.MarkdownTest" name="runTest[0: Amps and angle encoding]"/>
  <testcase time="0.021" classname="org.mashti.synopsis.MarkdownTest" name="runTest[1: Anchors]"/>
  <testcase time="0.048" classname="org.mashti.synopsis.MarkdownTest" name="runTest[2: Auto links]">
    <failure message="Auto links expected:&lt;...bar=2&lt;/a&gt;&lt;/p&gt;

&lt;ul&gt;
[    &lt;li&gt;In a list?&lt;/li&gt;
    &lt;li&gt;&lt;a href=&quot;http://example.com/&quot;&gt;http://example.com/&lt;/a&gt;&lt;/li&gt;
    &lt;li&gt;It should.&lt;/li&gt;
&lt;/ul&gt;

&lt;blockquote&gt;
  ]  &lt;p&gt;Blockquoted: &lt;a...&gt; but was:&lt;...bar=2&lt;/a&gt;&lt;/p&gt;

&lt;ul&gt;
[&lt;li&gt;In a list?&lt;/li&gt;
&lt;li&gt;&lt;a href=&quot;http://example.com/&quot;&gt;http://example.com/&lt;/a&gt;&lt;/li&gt;
&lt;li&gt;It should.&lt;/li&gt;
&lt;/ul&gt;

&lt;blockquote&gt;
]  &lt;p&gt;Blockquoted: &lt;a...&gt;" type="org.junit.ComparisonFailure">org.junit.ComparisonFailure: Auto links expected:&lt;...bar=2&lt;/a&gt;&lt;/p&gt;

&lt;ul&gt;
[    &lt;li&gt;In a list?&lt;/li&gt;
    &lt;li&gt;&lt;a href=&quot;http://example.com/&quot;&gt;http://example.com/&lt;/a&gt;&lt;/li&gt;
    &lt;li&gt;It should.&lt;/li&gt;
&lt;/ul&gt;

&lt;blockquote&gt;
  ]  &lt;p&gt;Blockquoted: &lt;a...&gt; but was:&lt;...bar=2&lt;/a&gt;&lt;/p&gt;

&lt;ul&gt;
[&lt;li&gt;In a list?&lt;/li&gt;
&lt;li&gt;&lt;a href=&quot;http://example.com/&quot;&gt;http://example.com/&lt;/a&gt;&lt;/li&gt;
&lt;li&gt;It should.&lt;/li&gt;
&lt;/ul&gt;

&lt;blockquote&gt;
]  &lt;p&gt;Blockquoted: &lt;a...&gt;
	at org.junit.Assert.assertEquals(Assert.java:115)
	at org.mashti.synopsis.MarkdownTest.runTest(MarkdownTest.java:92)
	at sun.reflect.NativeMethodAccessorImpl.invoke0(Native Method)
	at sun.reflect.NativeMethodAccessorImpl.invoke(NativeMethodAccessorImpl.java:57)
	at sun.reflect.DelegatingMethodAccessorImpl.invoke(DelegatingMethodAccessorImpl.java:43)
	at java.lang.reflect.Method.invoke(Method.java:601)
	at org.junit.runners.model.FrameworkMethod$1.runReflectiveCall(FrameworkMethod.java:47)
	at org.junit.internal.runners.model.ReflectiveCallable.run(ReflectiveCallable.java:12)
	at org.junit.runners.model.FrameworkMethod.invokeExplosively(FrameworkMethod.java:44)
	at org.junit.internal.runners.statements.InvokeMethod.evaluate(InvokeMethod.java:17)
	at org.junit.runners.ParentRunner.runLeaf(ParentRunner.java:271)
	at org.junit.runners.BlockJUnit4ClassRunner.runChild(BlockJUnit4ClassRunner.java:70)
	at org.junit.runners.BlockJUnit4ClassRunner.runChild(BlockJUnit4ClassRunner.java:50)
	at org.junit.runners.ParentRunner$3.run(ParentRunner.java:238)
	at org.junit.runners.ParentRunner$1.schedule(ParentRunner.java:63)
	at org.junit.runners.ParentRunner.runChildren(ParentRunner.java:236)
	at org.junit.runners.ParentRunner.access$000(ParentRunner.java:53)
	at org.junit.runners.ParentRunner$2.evaluate(ParentRunner.java:229)
	at org.junit.runners.ParentRunner.run(ParentRunner.java:309)
	at org.junit.runners.Suite.runChild(Suite.java:127)
	at org.junit.runners.Suite.runChild(Suite.java:26)
	at org.junit.runners.ParentRunner$3.run(ParentRunner.java:238)
	at org.junit.runners.ParentRunner$1.schedule(ParentRunner.java:63)
	at org.junit.runners.ParentRunner.runChildren(ParentRunner.java:236)
	at org.junit.runners.ParentRunner.access$000(ParentRunner.java:53)
	at org.junit.runners.ParentRunner$2.evaluate(ParentRunner.java:229)
	at org.junit.runners.ParentRunner.run(ParentRunner.java:309)
	at org.apache.maven.surefire.junit4.JUnit4TestSet.execute(JUnit4TestSet.java:53)
	at org.apache.maven.surefire.junit4.JUnit4Provider.executeTestSet(JUnit4Provider.java:123)
	at org.apache.maven.surefire.junit4.JUnit4Provider.invoke(JUnit4Provider.java:104)
	at sun.reflect.NativeMethodAccessorImpl.invoke0(Native Method)
	at sun.reflect.NativeMethodAccessorImpl.invoke(NativeMethodAccessorImpl.java:57)
	at sun.reflect.DelegatingMethodAccessorImpl.invoke(DelegatingMethodAccessorImpl.java:43)
	at java.lang.reflect.Method.invoke(Method.java:601)
	at org.apache.maven.surefire.util.ReflectionUtils.invokeMethodWithArray(ReflectionUtils.java:164)
	at org.apache.maven.surefire.booter.ProviderFactory$ProviderProxy.invoke(ProviderFactory.java:110)
	at org.apache.maven.surefire.booter.SurefireStarter.invokeProvider(SurefireStarter.java:175)
	at org.apache.maven.surefire.booter.SurefireStarter.runSuitesInProcessWhenForked(SurefireStarter.java:107)
	at org.apache.maven.surefire.booter.ForkedBooter.main(ForkedBooter.java:68)
</failure>
  </testcase>
  <testcase time="0.094" classname="org.mashti.synopsis.MarkdownTest" name="runTest[3: Backslash escapes]">
    <failure message="Backslash escapes expected:&lt;...code&gt;Backslash: \\

[    Backtick: \`

    Asterisk: \*

    Underscore: \_

    Left brace: \{

    Right brace: \}

    Left bracket: \[

    Right bracket: \]

    Left paren: \(

    Right paren: \)

    Greater-than: \&amp;gt;

    Hash: \#

    Period: \.

    Bang: \!

    Plus: \+

    Minus: \-
&lt;/code&gt;&lt;/pre&gt;

&lt;p&gt;Nor should these, which occur in code spans:&lt;/p&gt;

&lt;p&gt;Backslash: &lt;code&gt;\\&lt;/code&gt;&lt;/p&gt;

&lt;p&gt;Backtick: &lt;code&gt;\`&lt;/code&gt;&lt;/p&gt;

&lt;p&gt;Asterisk: &lt;code&gt;\*&lt;/code&gt;&lt;/p&gt;

&lt;p&gt;Underscore: &lt;code&gt;\_&lt;/code&gt;&lt;/p&gt;

&lt;p&gt;Left brace: &lt;code&gt;\{&lt;/code&gt;&lt;/p&gt;

&lt;p&gt;Right brace: &lt;code&gt;\}&lt;/code&gt;&lt;/p&gt;

&lt;p&gt;Left bracket: &lt;code&gt;\[&lt;/code&gt;&lt;/p&gt;

&lt;p&gt;Right bracket: &lt;code&gt;\]&lt;/code&gt;&lt;/p&gt;

&lt;p&gt;Left paren: &lt;code&gt;\(&lt;/code&gt;&lt;/p&gt;

&lt;p&gt;Right paren: &lt;code&gt;\)&lt;/code&gt;&lt;/p&gt;

&lt;p&gt;Greater-than: &lt;code&gt;\&amp;gt;&lt;/code&gt;&lt;/p&gt;

&lt;p&gt;Hash: &lt;code&gt;\#&lt;/code&gt;&lt;/p&gt;

&lt;p&gt;Period: &lt;code&gt;\.&lt;/code&gt;&lt;/p&gt;

&lt;p&gt;Bang: &lt;code&gt;\!&lt;/code&gt;&lt;/p&gt;

&lt;p&gt;Plus: &lt;code&gt;\+&lt;/code&gt;&lt;/p&gt;

&lt;p&gt;Minus: &lt;code&gt;\-&lt;/code&gt;&lt;/p&gt;

&lt;p&gt;These should get escaped, even though they&apos;re matching pairs for
    ]other Markdown const...&gt; but was:&lt;...code&gt;Backslash: \\

[Backtick: \`

Asterisk: \*

Underscore: \_

Left brace: \{

Right brace: \}

Left bracket: \[

Right bracket: \]

Left paren: \(

Right paren: \)

Greater-than: \&amp;gt;

Hash: \#

Period: \.

Bang: \!

Plus: \+

Minus: \-
&lt;/code&gt;&lt;/pre&gt;

&lt;p&gt;Nor should these, which occur in code spans:&lt;/p&gt;

&lt;p&gt;Backslash: &lt;code&gt;\\&lt;/code&gt;&lt;/p&gt;

&lt;p&gt;Backtick: &lt;code&gt;\`&lt;/code&gt;&lt;/p&gt;

&lt;p&gt;Asterisk: &lt;code&gt;\*&lt;/code&gt;&lt;/p&gt;

&lt;p&gt;Underscore: &lt;code&gt;\_&lt;/code&gt;&lt;/p&gt;

&lt;p&gt;Left brace: &lt;code&gt;\{&lt;/code&gt;&lt;/p&gt;

&lt;p&gt;Right brace: &lt;code&gt;\}&lt;/code&gt;&lt;/p&gt;

&lt;p&gt;Left bracket: &lt;code&gt;\[&lt;/code&gt;&lt;/p&gt;

&lt;p&gt;Right bracket: &lt;code&gt;\]&lt;/code&gt;&lt;/p&gt;

&lt;p&gt;Left paren: &lt;code&gt;\(&lt;/code&gt;&lt;/p&gt;

&lt;p&gt;Right paren: &lt;code&gt;\)&lt;/code&gt;&lt;/p&gt;

&lt;p&gt;Greater-than: &lt;code&gt;\&amp;gt;&lt;/code&gt;&lt;/p&gt;

&lt;p&gt;Hash: &lt;code&gt;\#&lt;/code&gt;&lt;/p&gt;

&lt;p&gt;Period: &lt;code&gt;\.&lt;/code&gt;&lt;/p&gt;

&lt;p&gt;Bang: &lt;code&gt;\!&lt;/code&gt;&lt;/p&gt;

&lt;p&gt;Plus: &lt;code&gt;\+&lt;/code&gt;&lt;/p&gt;

&lt;p&gt;Minus: &lt;code&gt;\-&lt;/code&gt;&lt;/p&gt;

&lt;p&gt;These should get escaped, even though they&apos;re matching pairs for
]other Markdown const...&gt;" type="org.junit.ComparisonFailure">org.junit.ComparisonFailure: Backslash escapes expected:&lt;...code&gt;Backslash: \\

[    Backtick: \`

    Asterisk: \*

    Underscore: \_

    Left brace: \{

    Right brace: \}

    Left bracket: \[

    Right bracket: \]

    Left paren: \(

    Right paren: \)

    Greater-than: \&amp;gt;

    Hash: \#

    Period: \.

    Bang: \!

    Plus: \+

    Minus: \-
&lt;/code&gt;&lt;/pre&gt;

&lt;p&gt;Nor should these, which occur in code spans:&lt;/p&gt;

&lt;p&gt;Backslash: &lt;code&gt;\\&lt;/code&gt;&lt;/p&gt;

&lt;p&gt;Backtick: &lt;code&gt;\`&lt;/code&gt;&lt;/p&gt;

&lt;p&gt;Asterisk: &lt;code&gt;\*&lt;/code&gt;&lt;/p&gt;

&lt;p&gt;Underscore: &lt;code&gt;\_&lt;/code&gt;&lt;/p&gt;

&lt;p&gt;Left brace: &lt;code&gt;\{&lt;/code&gt;&lt;/p&gt;

&lt;p&gt;Right brace: &lt;code&gt;\}&lt;/code&gt;&lt;/p&gt;

&lt;p&gt;Left bracket: &lt;code&gt;\[&lt;/code&gt;&lt;/p&gt;

&lt;p&gt;Right bracket: &lt;code&gt;\]&lt;/code&gt;&lt;/p&gt;

&lt;p&gt;Left paren: &lt;code&gt;\(&lt;/code&gt;&lt;/p&gt;

&lt;p&gt;Right paren: &lt;code&gt;\)&lt;/code&gt;&lt;/p&gt;

&lt;p&gt;Greater-than: &lt;code&gt;\&amp;gt;&lt;/code&gt;&lt;/p&gt;

&lt;p&gt;Hash: &lt;code&gt;\#&lt;/code&gt;&lt;/p&gt;

&lt;p&gt;Period: &lt;code&gt;\.&lt;/code&gt;&lt;/p&gt;

&lt;p&gt;Bang: &lt;code&gt;\!&lt;/code&gt;&lt;/p&gt;

&lt;p&gt;Plus: &lt;code&gt;\+&lt;/code&gt;&lt;/p&gt;

&lt;p&gt;Minus: &lt;code&gt;\-&lt;/code&gt;&lt;/p&gt;

&lt;p&gt;These should get escaped, even though they&apos;re matching pairs for
    ]other Markdown const...&gt; but was:&lt;...code&gt;Backslash: \\

[Backtick: \`

Asterisk: \*

Underscore: \_

Left brace: \{

Right brace: \}

Left bracket: \[

Right bracket: \]

Left paren: \(

Right paren: \)

Greater-than: \&amp;gt;

Hash: \#

Period: \.

Bang: \!

Plus: \+

Minus: \-
&lt;/code&gt;&lt;/pre&gt;

&lt;p&gt;Nor should these, which occur in code spans:&lt;/p&gt;

&lt;p&gt;Backslash: &lt;code&gt;\\&lt;/code&gt;&lt;/p&gt;

&lt;p&gt;Backtick: &lt;code&gt;\`&lt;/code&gt;&lt;/p&gt;

&lt;p&gt;Asterisk: &lt;code&gt;\*&lt;/code&gt;&lt;/p&gt;

&lt;p&gt;Underscore: &lt;code&gt;\_&lt;/code&gt;&lt;/p&gt;

&lt;p&gt;Left brace: &lt;code&gt;\{&lt;/code&gt;&lt;/p&gt;

&lt;p&gt;Right brace: &lt;code&gt;\}&lt;/code&gt;&lt;/p&gt;

&lt;p&gt;Left bracket: &lt;code&gt;\[&lt;/code&gt;&lt;/p&gt;

&lt;p&gt;Right bracket: &lt;code&gt;\]&lt;/code&gt;&lt;/p&gt;

&lt;p&gt;Left paren: &lt;code&gt;\(&lt;/code&gt;&lt;/p&gt;

&lt;p&gt;Right paren: &lt;code&gt;\)&lt;/code&gt;&lt;/p&gt;

&lt;p&gt;Greater-than: &lt;code&gt;\&amp;gt;&lt;/code&gt;&lt;/p&gt;

&lt;p&gt;Hash: &lt;code&gt;\#&lt;/code&gt;&lt;/p&gt;

&lt;p&gt;Period: &lt;code&gt;\.&lt;/code&gt;&lt;/p&gt;

&lt;p&gt;Bang: &lt;code&gt;\!&lt;/code&gt;&lt;/p&gt;

&lt;p&gt;Plus: &lt;code&gt;\+&lt;/code&gt;&lt;/p&gt;

&lt;p&gt;Minus: &lt;code&gt;\-&lt;/code&gt;&lt;/p&gt;

&lt;p&gt;These should get escaped, even though they&apos;re matching pairs for
]other Markdown const...&gt;
	at org.junit.Assert.assertEquals(Assert.java:115)
	at org.mashti.synopsis.MarkdownTest.runTest(MarkdownTest.java:92)
	at sun.reflect.NativeMethodAccessorImpl.invoke0(Native Method)
	at sun.reflect.NativeMethodAccessorImpl.invoke(NativeMethodAccessorImpl.java:57)
	at sun.reflect.DelegatingMethodAccessorImpl.invoke(DelegatingMethodAccessorImpl.java:43)
	at java.lang.reflect.Method.invoke(Method.java:601)
	at org.junit.runners.model.FrameworkMethod$1.runReflectiveCall(FrameworkMethod.java:47)
	at org.junit.internal.runners.model.ReflectiveCallable.run(ReflectiveCallable.java:12)
	at org.junit.runners.model.FrameworkMethod.invokeExplosively(FrameworkMethod.java:44)
	at org.junit.internal.runners.statements.InvokeMethod.evaluate(InvokeMethod.java:17)
	at org.junit.runners.ParentRunner.runLeaf(ParentRunner.java:271)
	at org.junit.runners.BlockJUnit4ClassRunner.runChild(BlockJUnit4ClassRunner.java:70)
	at org.junit.runners.BlockJUnit4ClassRunner.runChild(BlockJUnit4ClassRunner.java:50)
	at org.junit.runners.ParentRunner$3.run(ParentRunner.java:238)
	at org.junit.runners.ParentRunner$1.schedule(ParentRunner.java:63)
	at org.junit.runners.ParentRunner.runChildren(ParentRunner.java:236)
	at org.junit.runners.ParentRunner.access$000(ParentRunner.java:53)
	at org.junit.runners.ParentRunner$2.evaluate(ParentRunner.java:229)
	at org.junit.runners.ParentRunner.run(ParentRunner.java:309)
	at org.junit.runners.Suite.runChild(Suite.java:127)
	at org.junit.runners.Suite.runChild(Suite.java:26)
	at org.junit.runners.ParentRunner$3.run(ParentRunner.java:238)
	at org.junit.runners.ParentRunner$1.schedule(ParentRunner.java:63)
	at org.junit.runners.ParentRunner.runChildren(ParentRunner.java:236)
	at org.junit.runners.ParentRunner.access$000(ParentRunner.java:53)
	at org.junit.runners.ParentRunner$2.evaluate(ParentRunner.java:229)
	at org.junit.runners.ParentRunner.run(ParentRunner.java:309)
	at org.apache.maven.surefire.junit4.JUnit4TestSet.execute(JUnit4TestSet.java:53)
	at org.apache.maven.surefire.junit4.JUnit4Provider.executeTestSet(JUnit4Provider.java:123)
	at org.apache.maven.surefire.junit4.JUnit4Provider.invoke(JUnit4Provider.java:104)
	at sun.reflect.NativeMethodAccessorImpl.invoke0(Native Method)
	at sun.reflect.NativeMethodAccessorImpl.invoke(NativeMethodAccessorImpl.java:57)
	at sun.reflect.DelegatingMethodAccessorImpl.invoke(DelegatingMethodAccessorImpl.java:43)
	at java.lang.reflect.Method.invoke(Method.java:601)
	at org.apache.maven.surefire.util.ReflectionUtils.invokeMethodWithArray(ReflectionUtils.java:164)
	at org.apache.maven.surefire.booter.ProviderFactory$ProviderProxy.invoke(ProviderFactory.java:110)
	at org.apache.maven.surefire.booter.SurefireStarter.invokeProvider(SurefireStarter.java:175)
	at org.apache.maven.surefire.booter.SurefireStarter.runSuitesInProcessWhenForked(SurefireStarter.java:107)
	at org.apache.maven.surefire.booter.ForkedBooter.main(ForkedBooter.java:68)
</failure>
  </testcase>
  <testcase time="0.014" classname="org.mashti.synopsis.MarkdownTest" name="runTest[4: Blockquotes with code blocks]">
    <failure message="Blockquotes with code blocks expected:&lt;&lt;blockquote&gt;
  [  &lt;p&gt;Example:&lt;/p&gt;

&lt;pre&gt;&lt;code&gt;sub status {
    print &quot;working&quot;;
    }
&lt;/code&gt;&lt;/pre&gt;

    &lt;p&gt;Or:&lt;/p&gt;

&lt;pre&gt;&lt;code&gt;sub status {
    return &quot;working&quot;;
    ]}
&lt;/code&gt;&lt;/pre&gt;
&lt;/bl...&gt; but was:&lt;&lt;blockquote&gt;
  [&lt;p&gt;Example:&lt;/p&gt;

&lt;pre&gt;&lt;code&gt;sub status {
    print &quot;working&quot;;
}
&lt;/code&gt;&lt;/pre&gt;
  
  &lt;p&gt;Or:&lt;/p&gt;

&lt;pre&gt;&lt;code&gt;sub status {
    return &quot;working&quot;;
]}
&lt;/code&gt;&lt;/pre&gt;
&lt;/bl...&gt;" type="org.junit.ComparisonFailure">org.junit.ComparisonFailure: Blockquotes with code blocks expected:&lt;&lt;blockquote&gt;
  [  &lt;p&gt;Example:&lt;/p&gt;

&lt;pre&gt;&lt;code&gt;sub status {
    print &quot;working&quot;;
    }
&lt;/code&gt;&lt;/pre&gt;

    &lt;p&gt;Or:&lt;/p&gt;

&lt;pre&gt;&lt;code&gt;sub status {
    return &quot;working&quot;;
    ]}
&lt;/code&gt;&lt;/pre&gt;
&lt;/bl...&gt; but was:&lt;&lt;blockquote&gt;
  [&lt;p&gt;Example:&lt;/p&gt;

&lt;pre&gt;&lt;code&gt;sub status {
    print &quot;working&quot;;
}
&lt;/code&gt;&lt;/pre&gt;
  
  &lt;p&gt;Or:&lt;/p&gt;

&lt;pre&gt;&lt;code&gt;sub status {
    return &quot;working&quot;;
]}
&lt;/code&gt;&lt;/pre&gt;
&lt;/bl...&gt;
	at org.junit.Assert.assertEquals(Assert.java:115)
	at org.mashti.synopsis.MarkdownTest.runTest(MarkdownTest.java:92)
	at sun.reflect.NativeMethodAccessorImpl.invoke0(Native Method)
	at sun.reflect.NativeMethodAccessorImpl.invoke(NativeMethodAccessorImpl.java:57)
	at sun.reflect.DelegatingMethodAccessorImpl.invoke(DelegatingMethodAccessorImpl.java:43)
	at java.lang.reflect.Method.invoke(Method.java:601)
	at org.junit.runners.model.FrameworkMethod$1.runReflectiveCall(FrameworkMethod.java:47)
	at org.junit.internal.runners.model.ReflectiveCallable.run(ReflectiveCallable.java:12)
	at org.junit.runners.model.FrameworkMethod.invokeExplosively(FrameworkMethod.java:44)
	at org.junit.internal.runners.statements.InvokeMethod.evaluate(InvokeMethod.java:17)
	at org.junit.runners.ParentRunner.runLeaf(ParentRunner.java:271)
	at org.junit.runners.BlockJUnit4ClassRunner.runChild(BlockJUnit4ClassRunner.java:70)
	at org.junit.runners.BlockJUnit4ClassRunner.runChild(BlockJUnit4ClassRunner.java:50)
	at org.junit.runners.ParentRunner$3.run(ParentRunner.java:238)
	at org.junit.runners.ParentRunner$1.schedule(ParentRunner.java:63)
	at org.junit.runners.ParentRunner.runChildren(ParentRunner.java:236)
	at org.junit.runners.ParentRunner.access$000(ParentRunner.java:53)
	at org.junit.runners.ParentRunner$2.evaluate(ParentRunner.java:229)
	at org.junit.runners.ParentRunner.run(ParentRunner.java:309)
	at org.junit.runners.Suite.runChild(Suite.java:127)
	at org.junit.runners.Suite.runChild(Suite.java:26)
	at org.junit.runners.ParentRunner$3.run(ParentRunner.java:238)
	at org.junit.runners.ParentRunner$1.schedule(ParentRunner.java:63)
	at org.junit.runners.ParentRunner.runChildren(ParentRunner.java:236)
	at org.junit.runners.ParentRunner.access$000(ParentRunner.java:53)
	at org.junit.runners.ParentRunner$2.evaluate(ParentRunner.java:229)
	at org.junit.runners.ParentRunner.run(ParentRunner.java:309)
	at org.apache.maven.surefire.junit4.JUnit4TestSet.execute(JUnit4TestSet.java:53)
	at org.apache.maven.surefire.junit4.JUnit4Provider.executeTestSet(JUnit4Provider.java:123)
	at org.apache.maven.surefire.junit4.JUnit4Provider.invoke(JUnit4Provider.java:104)
	at sun.reflect.NativeMethodAccessorImpl.invoke0(Native Method)
	at sun.reflect.NativeMethodAccessorImpl.invoke(NativeMethodAccessorImpl.java:57)
	at sun.reflect.DelegatingMethodAccessorImpl.invoke(DelegatingMethodAccessorImpl.java:43)
	at java.lang.reflect.Method.invoke(Method.java:601)
	at org.apache.maven.surefire.util.ReflectionUtils.invokeMethodWithArray(ReflectionUtils.java:164)
	at org.apache.maven.surefire.booter.ProviderFactory$ProviderProxy.invoke(ProviderFactory.java:110)
	at org.apache.maven.surefire.booter.SurefireStarter.invokeProvider(SurefireStarter.java:175)
	at org.apache.maven.surefire.booter.SurefireStarter.runSuitesInProcessWhenForked(SurefireStarter.java:107)
	at org.apache.maven.surefire.booter.ForkedBooter.main(ForkedBooter.java:68)
</failure>
  </testcase>
  <testcase time="0.008" classname="org.mashti.synopsis.MarkdownTest" name="runTest[5: Hard-wrapped paragraphs with list-like lines]">
    <failure message="Hard-wrapped paragraphs with list-like lines expected:&lt;...nd earlier. Version
[    8. This line turns into a list item.
    Because a hard-wrapped line in the
    middle of a paragraph looked like a
    list item.&lt;/p&gt;

&lt;p&gt;Here&apos;s one with a bullet.
    ]* criminey.&lt;/p&gt;&gt; but was:&lt;...nd earlier. Version
[8. This line turns into a list item.
Because a hard-wrapped line in the
middle of a paragraph looked like a
list item.&lt;/p&gt;

&lt;p&gt;Here&apos;s one with a bullet.
]* criminey.&lt;/p&gt;&gt;" type="org.junit.ComparisonFailure">org.junit.ComparisonFailure: Hard-wrapped paragraphs with list-like lines expected:&lt;...nd earlier. Version
[    8. This line turns into a list item.
    Because a hard-wrapped line in the
    middle of a paragraph looked like a
    list item.&lt;/p&gt;

&lt;p&gt;Here&apos;s one with a bullet.
    ]* criminey.&lt;/p&gt;&gt; but was:&lt;...nd earlier. Version
[8. This line turns into a list item.
Because a hard-wrapped line in the
middle of a paragraph looked like a
list item.&lt;/p&gt;

&lt;p&gt;Here&apos;s one with a bullet.
]* criminey.&lt;/p&gt;&gt;
	at org.junit.Assert.assertEquals(Assert.java:115)
	at org.mashti.synopsis.MarkdownTest.runTest(MarkdownTest.java:92)
	at sun.reflect.NativeMethodAccessorImpl.invoke0(Native Method)
	at sun.reflect.NativeMethodAccessorImpl.invoke(NativeMethodAccessorImpl.java:57)
	at sun.reflect.DelegatingMethodAccessorImpl.invoke(DelegatingMethodAccessorImpl.java:43)
	at java.lang.reflect.Method.invoke(Method.java:601)
	at org.junit.runners.model.FrameworkMethod$1.runReflectiveCall(FrameworkMethod.java:47)
	at org.junit.internal.runners.model.ReflectiveCallable.run(ReflectiveCallable.java:12)
	at org.junit.runners.model.FrameworkMethod.invokeExplosively(FrameworkMethod.java:44)
	at org.junit.internal.runners.statements.InvokeMethod.evaluate(InvokeMethod.java:17)
	at org.junit.runners.ParentRunner.runLeaf(ParentRunner.java:271)
	at org.junit.runners.BlockJUnit4ClassRunner.runChild(BlockJUnit4ClassRunner.java:70)
	at org.junit.runners.BlockJUnit4ClassRunner.runChild(BlockJUnit4ClassRunner.java:50)
	at org.junit.runners.ParentRunner$3.run(ParentRunner.java:238)
	at org.junit.runners.ParentRunner$1.schedule(ParentRunner.java:63)
	at org.junit.runners.ParentRunner.runChildren(ParentRunner.java:236)
	at org.junit.runners.ParentRunner.access$000(ParentRunner.java:53)
	at org.junit.runners.ParentRunner$2.evaluate(ParentRunner.java:229)
	at org.junit.runners.ParentRunner.run(ParentRunner.java:309)
	at org.junit.runners.Suite.runChild(Suite.java:127)
	at org.junit.runners.Suite.runChild(Suite.java:26)
	at org.junit.runners.ParentRunner$3.run(ParentRunner.java:238)
	at org.junit.runners.ParentRunner$1.schedule(ParentRunner.java:63)
	at org.junit.runners.ParentRunner.runChildren(ParentRunner.java:236)
	at org.junit.runners.ParentRunner.access$000(ParentRunner.java:53)
	at org.junit.runners.ParentRunner$2.evaluate(ParentRunner.java:229)
	at org.junit.runners.ParentRunner.run(ParentRunner.java:309)
	at org.apache.maven.surefire.junit4.JUnit4TestSet.execute(JUnit4TestSet.java:53)
	at org.apache.maven.surefire.junit4.JUnit4Provider.executeTestSet(JUnit4Provider.java:123)
	at org.apache.maven.surefire.junit4.JUnit4Provider.invoke(JUnit4Provider.java:104)
	at sun.reflect.NativeMethodAccessorImpl.invoke0(Native Method)
	at sun.reflect.NativeMethodAccessorImpl.invoke(NativeMethodAccessorImpl.java:57)
	at sun.reflect.DelegatingMethodAccessorImpl.invoke(DelegatingMethodAccessorImpl.java:43)
	at java.lang.reflect.Method.invoke(Method.java:601)
	at org.apache.maven.surefire.util.ReflectionUtils.invokeMethodWithArray(ReflectionUtils.java:164)
	at org.apache.maven.surefire.booter.ProviderFactory$ProviderProxy.invoke(ProviderFactory.java:110)
	at org.apache.maven.surefire.booter.SurefireStarter.invokeProvider(SurefireStarter.java:175)
	at org.apache.maven.surefire.booter.SurefireStarter.runSuitesInProcessWhenForked(SurefireStarter.java:107)
	at org.apache.maven.surefire.booter.ForkedBooter.main(ForkedBooter.java:68)
</failure>
  </testcase>
  <testcase time="0.013" classname="org.mashti.synopsis.MarkdownTest" name="runTest[6: Horizontal rules]"/>
  <testcase time="0.01" classname="runTest[7: Inline HTML (Advanced)](org.mashti.synopsis.MarkdownTest)" name="runTest[7: Inline HTML ">
    <failure message="Inline HTML (Advanced) expected:&lt;...indentation:

&lt;div&gt;
[    &lt;div&gt;
        &lt;div&gt;
            foo
        &lt;/div&gt;

        &lt;p&gt;&lt;/div&gt;
    &lt;/p&gt;

    ]&lt;div&gt;bar&lt;/div&gt;
&lt;/div...&gt; but was:&lt;...indentation:

&lt;div&gt;
[&lt;div&gt;
&lt;div&gt;
foo
&lt;/div&gt;

&lt;p&gt;&lt;/div&gt;&lt;/p&gt;

]&lt;div&gt;bar&lt;/div&gt;
&lt;/div...&gt;" type="org.junit.ComparisonFailure">org.junit.ComparisonFailure: Inline HTML (Advanced) expected:&lt;...indentation:

&lt;div&gt;
[    &lt;div&gt;
        &lt;div&gt;
            foo
        &lt;/div&gt;

        &lt;p&gt;&lt;/div&gt;
    &lt;/p&gt;

    ]&lt;div&gt;bar&lt;/div&gt;
&lt;/div...&gt; but was:&lt;...indentation:

&lt;div&gt;
[&lt;div&gt;
&lt;div&gt;
foo
&lt;/div&gt;

&lt;p&gt;&lt;/div&gt;&lt;/p&gt;

]&lt;div&gt;bar&lt;/div&gt;
&lt;/div...&gt;
	at org.junit.Assert.assertEquals(Assert.java:115)
	at org.mashti.synopsis.MarkdownTest.runTest(MarkdownTest.java:92)
	at sun.reflect.NativeMethodAccessorImpl.invoke0(Native Method)
	at sun.reflect.NativeMethodAccessorImpl.invoke(NativeMethodAccessorImpl.java:57)
	at sun.reflect.DelegatingMethodAccessorImpl.invoke(DelegatingMethodAccessorImpl.java:43)
	at java.lang.reflect.Method.invoke(Method.java:601)
	at org.junit.runners.model.FrameworkMethod$1.runReflectiveCall(FrameworkMethod.java:47)
	at org.junit.internal.runners.model.ReflectiveCallable.run(ReflectiveCallable.java:12)
	at org.junit.runners.model.FrameworkMethod.invokeExplosively(FrameworkMethod.java:44)
	at org.junit.internal.runners.statements.InvokeMethod.evaluate(InvokeMethod.java:17)
	at org.junit.runners.ParentRunner.runLeaf(ParentRunner.java:271)
	at org.junit.runners.BlockJUnit4ClassRunner.runChild(BlockJUnit4ClassRunner.java:70)
	at org.junit.runners.BlockJUnit4ClassRunner.runChild(BlockJUnit4ClassRunner.java:50)
	at org.junit.runners.ParentRunner$3.run(ParentRunner.java:238)
	at org.junit.runners.ParentRunner$1.schedule(ParentRunner.java:63)
	at org.junit.runners.ParentRunner.runChildren(ParentRunner.java:236)
	at org.junit.runners.ParentRunner.access$000(ParentRunner.java:53)
	at org.junit.runners.ParentRunner$2.evaluate(ParentRunner.java:229)
	at org.junit.runners.ParentRunner.run(ParentRunner.java:309)
	at org.junit.runners.Suite.runChild(Suite.java:127)
	at org.junit.runners.Suite.runChild(Suite.java:26)
	at org.junit.runners.ParentRunner$3.run(ParentRunner.java:238)
	at org.junit.runners.ParentRunner$1.schedule(ParentRunner.java:63)
	at org.junit.runners.ParentRunner.runChildren(ParentRunner.java:236)
	at org.junit.runners.ParentRunner.access$000(ParentRunner.java:53)
	at org.junit.runners.ParentRunner$2.evaluate(ParentRunner.java:229)
	at org.junit.runners.ParentRunner.run(ParentRunner.java:309)
	at org.apache.maven.surefire.junit4.JUnit4TestSet.execute(JUnit4TestSet.java:53)
	at org.apache.maven.surefire.junit4.JUnit4Provider.executeTestSet(JUnit4Provider.java:123)
	at org.apache.maven.surefire.junit4.JUnit4Provider.invoke(JUnit4Provider.java:104)
	at sun.reflect.NativeMethodAccessorImpl.invoke0(Native Method)
	at sun.reflect.NativeMethodAccessorImpl.invoke(NativeMethodAccessorImpl.java:57)
	at sun.reflect.DelegatingMethodAccessorImpl.invoke(DelegatingMethodAccessorImpl.java:43)
	at java.lang.reflect.Method.invoke(Method.java:601)
	at org.apache.maven.surefire.util.ReflectionUtils.invokeMethodWithArray(ReflectionUtils.java:164)
	at org.apache.maven.surefire.booter.ProviderFactory$ProviderProxy.invoke(ProviderFactory.java:110)
	at org.apache.maven.surefire.booter.SurefireStarter.invokeProvider(SurefireStarter.java:175)
	at org.apache.maven.surefire.booter.SurefireStarter.runSuitesInProcessWhenForked(SurefireStarter.java:107)
	at org.apache.maven.surefire.booter.ForkedBooter.main(ForkedBooter.java:68)
</failure>
  </testcase>
  <testcase time="0.026" classname="runTest[8: Inline HTML (Simple)](org.mashti.synopsis.MarkdownTest)" name="runTest[8: Inline HTML ">
    <failure message="Inline HTML (Simple) expected:&lt;...&amp;lt;div&amp;gt;
    foo
[    &amp;lt;/div&amp;gt;
&lt;/code&gt;&lt;/pre&gt;

&lt;p&gt;As should this:&lt;/p&gt;

&lt;pre&gt;&lt;code&gt;&amp;lt;div&amp;gt;foo&amp;lt;/div&amp;gt;
&lt;/code&gt;&lt;/pre&gt;

&lt;p&gt;Now, nested:&lt;/p&gt;

&lt;div&gt;
    &lt;div&gt;
        &lt;div&gt;
            foo
        &lt;/div&gt;
    &lt;/div&gt;
&lt;/div&gt;

&lt;p&gt;This should just be an HTML comment:&lt;/p&gt;

&lt;!-- Comment --&gt;

&lt;p&gt;Multiline:&lt;/p&gt;

&lt;!--
Blah
Blah
--&gt;

&lt;p&gt;Code block:&lt;/p&gt;

&lt;pre&gt;&lt;code&gt;&amp;lt;!-- Comment --&amp;gt;
&lt;/code&gt;&lt;/pre&gt;

&lt;p&gt;Just plain comment, with trailing spaces on the line:&lt;/p&gt;

&lt;!-- foo --&gt;

&lt;p&gt;Code:&lt;/p&gt;

&lt;pre&gt;&lt;code&gt;&amp;lt;hr /&amp;gt;
&lt;/code&gt;&lt;/pre&gt;

&lt;p&gt;Hr&apos;s:&lt;/p&gt;

&lt;hr&gt;

&lt;hr/&gt;

&lt;hr/&gt;

&lt;hr&gt;

&lt;hr/&gt;

&lt;hr/&gt;

&lt;hr class=&quot;foo&quot; id=&quot;bar&quot;/&gt;

&lt;hr class=&quot;foo&quot; id=&quot;bar&quot;/&gt;

&lt;hr class=&quot;foo&quot; id=&quot;bar&quot;]&gt;&gt; but was:&lt;...&amp;lt;div&amp;gt;
    foo
[&amp;lt;/div&amp;gt;
&lt;/code&gt;&lt;/pre&gt;

&lt;p&gt;As should this:&lt;/p&gt;

&lt;pre&gt;&lt;code&gt;&amp;lt;div&amp;gt;foo&amp;lt;/div&amp;gt;
&lt;/code&gt;&lt;/pre&gt;

&lt;p&gt;Now, nested:&lt;/p&gt;

&lt;div&gt;
    &lt;div&gt;
        &lt;div&gt;
            foo
        &lt;/div&gt;
    &lt;/div&gt;
&lt;/div&gt;

&lt;p&gt;This should just be an HTML comment:&lt;/p&gt;

&lt;!-- Comment --&gt;

&lt;p&gt;Multiline:&lt;/p&gt;

&lt;!--
Blah
Blah
--&gt;

&lt;p&gt;Code block:&lt;/p&gt;

&lt;pre&gt;&lt;code&gt;&amp;lt;!-- Comment --&amp;gt;
&lt;/code&gt;&lt;/pre&gt;

&lt;p&gt;Just plain comment, with trailing spaces on the line:&lt;/p&gt;

&lt;!-- foo --&gt;   

&lt;p&gt;Code:&lt;/p&gt;

&lt;pre&gt;&lt;code&gt;&amp;lt;hr /&amp;gt;
&lt;/code&gt;&lt;/pre&gt;

&lt;p&gt;Hr&apos;s:&lt;/p&gt;

&lt;hr&gt;

&lt;hr/&gt;

&lt;hr /&gt;

&lt;hr&gt;   

&lt;hr/&gt;  

&lt;hr /&gt; 

&lt;hr class=&quot;foo&quot; id=&quot;bar&quot; /&gt;

&lt;hr class=&quot;foo&quot; id=&quot;bar&quot;/&gt;

&lt;hr class=&quot;foo&quot; id=&quot;bar&quot; ]&gt;&gt;" type="org.junit.ComparisonFailure">org.junit.ComparisonFailure: Inline HTML (Simple) expected:&lt;...&amp;lt;div&amp;gt;
    foo
[    &amp;lt;/div&amp;gt;
&lt;/code&gt;&lt;/pre&gt;

&lt;p&gt;As should this:&lt;/p&gt;

&lt;pre&gt;&lt;code&gt;&amp;lt;div&amp;gt;foo&amp;lt;/div&amp;gt;
&lt;/code&gt;&lt;/pre&gt;

&lt;p&gt;Now, nested:&lt;/p&gt;

&lt;div&gt;
    &lt;div&gt;
        &lt;div&gt;
            foo
        &lt;/div&gt;
    &lt;/div&gt;
&lt;/div&gt;

&lt;p&gt;This should just be an HTML comment:&lt;/p&gt;

&lt;!-- Comment --&gt;

&lt;p&gt;Multiline:&lt;/p&gt;

&lt;!--
Blah
Blah
--&gt;

&lt;p&gt;Code block:&lt;/p&gt;

&lt;pre&gt;&lt;code&gt;&amp;lt;!-- Comment --&amp;gt;
&lt;/code&gt;&lt;/pre&gt;

&lt;p&gt;Just plain comment, with trailing spaces on the line:&lt;/p&gt;

&lt;!-- foo --&gt;

&lt;p&gt;Code:&lt;/p&gt;

&lt;pre&gt;&lt;code&gt;&amp;lt;hr /&amp;gt;
&lt;/code&gt;&lt;/pre&gt;

&lt;p&gt;Hr&apos;s:&lt;/p&gt;

&lt;hr&gt;

&lt;hr/&gt;

&lt;hr/&gt;

&lt;hr&gt;

&lt;hr/&gt;

&lt;hr/&gt;

&lt;hr class=&quot;foo&quot; id=&quot;bar&quot;/&gt;

&lt;hr class=&quot;foo&quot; id=&quot;bar&quot;/&gt;

&lt;hr class=&quot;foo&quot; id=&quot;bar&quot;]&gt;&gt; but was:&lt;...&amp;lt;div&amp;gt;
    foo
[&amp;lt;/div&amp;gt;
&lt;/code&gt;&lt;/pre&gt;

&lt;p&gt;As should this:&lt;/p&gt;

&lt;pre&gt;&lt;code&gt;&amp;lt;div&amp;gt;foo&amp;lt;/div&amp;gt;
&lt;/code&gt;&lt;/pre&gt;

&lt;p&gt;Now, nested:&lt;/p&gt;

&lt;div&gt;
    &lt;div&gt;
        &lt;div&gt;
            foo
        &lt;/div&gt;
    &lt;/div&gt;
&lt;/div&gt;

&lt;p&gt;This should just be an HTML comment:&lt;/p&gt;

&lt;!-- Comment --&gt;

&lt;p&gt;Multiline:&lt;/p&gt;

&lt;!--
Blah
Blah
--&gt;

&lt;p&gt;Code block:&lt;/p&gt;

&lt;pre&gt;&lt;code&gt;&amp;lt;!-- Comment --&amp;gt;
&lt;/code&gt;&lt;/pre&gt;

&lt;p&gt;Just plain comment, with trailing spaces on the line:&lt;/p&gt;

&lt;!-- foo --&gt;   

&lt;p&gt;Code:&lt;/p&gt;

&lt;pre&gt;&lt;code&gt;&amp;lt;hr /&amp;gt;
&lt;/code&gt;&lt;/pre&gt;

&lt;p&gt;Hr&apos;s:&lt;/p&gt;

&lt;hr&gt;

&lt;hr/&gt;

&lt;hr /&gt;

&lt;hr&gt;   

&lt;hr/&gt;  

&lt;hr /&gt; 

&lt;hr class=&quot;foo&quot; id=&quot;bar&quot; /&gt;

&lt;hr class=&quot;foo&quot; id=&quot;bar&quot;/&gt;

&lt;hr class=&quot;foo&quot; id=&quot;bar&quot; ]&gt;&gt;
	at org.junit.Assert.assertEquals(Assert.java:115)
	at org.mashti.synopsis.MarkdownTest.runTest(MarkdownTest.java:92)
	at sun.reflect.NativeMethodAccessorImpl.invoke0(Native Method)
	at sun.reflect.NativeMethodAccessorImpl.invoke(NativeMethodAccessorImpl.java:57)
	at sun.reflect.DelegatingMethodAccessorImpl.invoke(DelegatingMethodAccessorImpl.java:43)
	at java.lang.reflect.Method.invoke(Method.java:601)
	at org.junit.runners.model.FrameworkMethod$1.runReflectiveCall(FrameworkMethod.java:47)
	at org.junit.internal.runners.model.ReflectiveCallable.run(ReflectiveCallable.java:12)
	at org.junit.runners.model.FrameworkMethod.invokeExplosively(FrameworkMethod.java:44)
	at org.junit.internal.runners.statements.InvokeMethod.evaluate(InvokeMethod.java:17)
	at org.junit.runners.ParentRunner.runLeaf(ParentRunner.java:271)
	at org.junit.runners.BlockJUnit4ClassRunner.runChild(BlockJUnit4ClassRunner.java:70)
	at org.junit.runners.BlockJUnit4ClassRunner.runChild(BlockJUnit4ClassRunner.java:50)
	at org.junit.runners.ParentRunner$3.run(ParentRunner.java:238)
	at org.junit.runners.ParentRunner$1.schedule(ParentRunner.java:63)
	at org.junit.runners.ParentRunner.runChildren(ParentRunner.java:236)
	at org.junit.runners.ParentRunner.access$000(ParentRunner.java:53)
	at org.junit.runners.ParentRunner$2.evaluate(ParentRunner.java:229)
	at org.junit.runners.ParentRunner.run(ParentRunner.java:309)
	at org.junit.runners.Suite.runChild(Suite.java:127)
	at org.junit.runners.Suite.runChild(Suite.java:26)
	at org.junit.runners.ParentRunner$3.run(ParentRunner.java:238)
	at org.junit.runners.ParentRunner$1.schedule(ParentRunner.java:63)
	at org.junit.runners.ParentRunner.runChildren(ParentRunner.java:236)
	at org.junit.runners.ParentRunner.access$000(ParentRunner.java:53)
	at org.junit.runners.ParentRunner$2.evaluate(ParentRunner.java:229)
	at org.junit.runners.ParentRunner.run(ParentRunner.java:309)
	at org.apache.maven.surefire.junit4.JUnit4TestSet.execute(JUnit4TestSet.java:53)
	at org.apache.maven.surefire.junit4.JUnit4Provider.executeTestSet(JUnit4Provider.java:123)
	at org.apache.maven.surefire.junit4.JUnit4Provider.invoke(JUnit4Provider.java:104)
	at sun.reflect.NativeMethodAccessorImpl.invoke0(Native Method)
	at sun.reflect.NativeMethodAccessorImpl.invoke(NativeMethodAccessorImpl.java:57)
	at sun.reflect.DelegatingMethodAccessorImpl.invoke(DelegatingMethodAccessorImpl.java:43)
	at java.lang.reflect.Method.invoke(Method.java:601)
	at org.apache.maven.surefire.util.ReflectionUtils.invokeMethodWithArray(ReflectionUtils.java:164)
	at org.apache.maven.surefire.booter.ProviderFactory$ProviderProxy.invoke(ProviderFactory.java:110)
	at org.apache.maven.surefire.booter.SurefireStarter.invokeProvider(SurefireStarter.java:175)
	at org.apache.maven.surefire.booter.SurefireStarter.runSuitesInProcessWhenForked(SurefireStarter.java:107)
	at org.apache.maven.surefire.booter.ForkedBooter.main(ForkedBooter.java:68)
</failure>
  </testcase>
  <testcase time="0.005" classname="org.mashti.synopsis.MarkdownTest" name="runTest[9: Inline HTML comments]"/>
  <testcase time="0.009" classname="org.mashti.synopsis.MarkdownTest" name="runTest[10: Links\u002C inline style]"/>
  <testcase time="0.024" classname="org.mashti.synopsis.MarkdownTest" name="runTest[11: Links\u002C reference style]">
    <failure message="Links, reference style expected:&lt;...a href=&quot;/url/&quot;&gt;link
[    breaks&lt;/a&gt; across lines.&lt;/p&gt;

&lt;p&gt;Here&apos;s another where the &lt;a href=&quot;/url/&quot;&gt;link
    ]breaks&lt;/a&gt; across li...&gt; but was:&lt;...a href=&quot;/url/&quot;&gt;link
[breaks&lt;/a&gt; across lines.&lt;/p&gt;

&lt;p&gt;Here&apos;s another where the &lt;a href=&quot;/url/&quot;&gt;link 
]breaks&lt;/a&gt; across li...&gt;" type="org.junit.ComparisonFailure">org.junit.ComparisonFailure: Links, reference style expected:&lt;...a href=&quot;/url/&quot;&gt;link
[    breaks&lt;/a&gt; across lines.&lt;/p&gt;

&lt;p&gt;Here&apos;s another where the &lt;a href=&quot;/url/&quot;&gt;link
    ]breaks&lt;/a&gt; across li...&gt; but was:&lt;...a href=&quot;/url/&quot;&gt;link
[breaks&lt;/a&gt; across lines.&lt;/p&gt;

&lt;p&gt;Here&apos;s another where the &lt;a href=&quot;/url/&quot;&gt;link 
]breaks&lt;/a&gt; across li...&gt;
	at org.junit.Assert.assertEquals(Assert.java:115)
	at org.mashti.synopsis.MarkdownTest.runTest(MarkdownTest.java:92)
	at sun.reflect.NativeMethodAccessorImpl.invoke0(Native Method)
	at sun.reflect.NativeMethodAccessorImpl.invoke(NativeMethodAccessorImpl.java:57)
	at sun.reflect.DelegatingMethodAccessorImpl.invoke(DelegatingMethodAccessorImpl.java:43)
	at java.lang.reflect.Method.invoke(Method.java:601)
	at org.junit.runners.model.FrameworkMethod$1.runReflectiveCall(FrameworkMethod.java:47)
	at org.junit.internal.runners.model.ReflectiveCallable.run(ReflectiveCallable.java:12)
	at org.junit.runners.model.FrameworkMethod.invokeExplosively(FrameworkMethod.java:44)
	at org.junit.internal.runners.statements.InvokeMethod.evaluate(InvokeMethod.java:17)
	at org.junit.runners.ParentRunner.runLeaf(ParentRunner.java:271)
	at org.junit.runners.BlockJUnit4ClassRunner.runChild(BlockJUnit4ClassRunner.java:70)
	at org.junit.runners.BlockJUnit4ClassRunner.runChild(BlockJUnit4ClassRunner.java:50)
	at org.junit.runners.ParentRunner$3.run(ParentRunner.java:238)
	at org.junit.runners.ParentRunner$1.schedule(ParentRunner.java:63)
	at org.junit.runners.ParentRunner.runChildren(ParentRunner.java:236)
	at org.junit.runners.ParentRunner.access$000(ParentRunner.java:53)
	at org.junit.runners.ParentRunner$2.evaluate(ParentRunner.java:229)
	at org.junit.runners.ParentRunner.run(ParentRunner.java:309)
	at org.junit.runners.Suite.runChild(Suite.java:127)
	at org.junit.runners.Suite.runChild(Suite.java:26)
	at org.junit.runners.ParentRunner$3.run(ParentRunner.java:238)
	at org.junit.runners.ParentRunner$1.schedule(ParentRunner.java:63)
	at org.junit.runners.ParentRunner.runChildren(ParentRunner.java:236)
	at org.junit.runners.ParentRunner.access$000(ParentRunner.java:53)
	at org.junit.runners.ParentRunner$2.evaluate(ParentRunner.java:229)
	at org.junit.runners.ParentRunner.run(ParentRunner.java:309)
	at org.apache.maven.surefire.junit4.JUnit4TestSet.execute(JUnit4TestSet.java:53)
	at org.apache.maven.surefire.junit4.JUnit4Provider.executeTestSet(JUnit4Provider.java:123)
	at org.apache.maven.surefire.junit4.JUnit4Provider.invoke(JUnit4Provider.java:104)
	at sun.reflect.NativeMethodAccessorImpl.invoke0(Native Method)
	at sun.reflect.NativeMethodAccessorImpl.invoke(NativeMethodAccessorImpl.java:57)
	at sun.reflect.DelegatingMethodAccessorImpl.invoke(DelegatingMethodAccessorImpl.java:43)
	at java.lang.reflect.Method.invoke(Method.java:601)
	at org.apache.maven.surefire.util.ReflectionUtils.invokeMethodWithArray(ReflectionUtils.java:164)
	at org.apache.maven.surefire.booter.ProviderFactory$ProviderProxy.invoke(ProviderFactory.java:110)
	at org.apache.maven.surefire.booter.SurefireStarter.invokeProvider(SurefireStarter.java:175)
	at org.apache.maven.surefire.booter.SurefireStarter.runSuitesInProcessWhenForked(SurefireStarter.java:107)
	at org.apache.maven.surefire.booter.ForkedBooter.main(ForkedBooter.java:68)
</failure>
  </testcase>
  <testcase time="0.009" classname="org.mashti.synopsis.MarkdownTest" name="runTest[12: Literal quotes in titles]"/>
  <testcase time="0.104" classname="org.mashti.synopsis.MarkdownTest" name="runTest[13: Markdown Documentation - Basics]">
    <failure message="Markdown Documentation - Basics expected:&lt;&lt;h1[&gt;Markdown: Basics&lt;/h1&gt;

&lt;ul id=&quot;ProjectSubmenu&quot;&gt;
    &lt;li&gt;&lt;a href=&quot;/projects/markdown/&quot; title=&quot;Markdown Project Page&quot;&gt;Main&lt;/a&gt;&lt;/li&gt;
    &lt;li&gt;&lt;a class=&quot;selected&quot; title=&quot;Markdown Basics&quot;&gt;Basics&lt;/a&gt;&lt;/li&gt;
    &lt;li&gt;&lt;a href=&quot;/projects/markdown/syntax&quot; title=&quot;Markdown Syntax Documentation&quot;&gt;Syntax&lt;/a&gt;&lt;/li&gt;
    &lt;li&gt;&lt;a href=&quot;/projects/markdown/license&quot; title=&quot;Pricing and License Information&quot;&gt;License&lt;/a&gt;&lt;/li&gt;
    &lt;li&gt;&lt;a href=&quot;/projects/markdown/dingus&quot; title=&quot;Online Markdown Web Form&quot;&gt;Dingus&lt;/a&gt;&lt;/li&gt;
&lt;/ul&gt;

&lt;h2&gt;Getting the Gist of Markdown&apos;s Formatting Syntax&lt;/h2&gt;

&lt;p&gt;This page offers a brief overview of what it&apos;s like to use Markdown.
    The &lt;a href=&quot;/projects/markdown/syntax&quot; title=&quot;Markdown Syntax&quot;&gt;syntax page&lt;/a&gt; provides complete, detailed documentation for
    every feature, but Markdown should be very easy to pick up simply by
    looking at a few examples of it in action. The examples on this page
    are written in a before/after style, showing example syntax and the
    HTML output produced by Markdown.&lt;/p&gt;

&lt;p&gt;It&apos;s also helpful to simply try Markdown out; the &lt;a href=&quot;/projects/markdown/dingus&quot; title=&quot;Markdown Dingus&quot;&gt;Dingus&lt;/a&gt; is a
    web application that allows you type your own Markdown-formatted text
    and translate it to XHTML.&lt;/p&gt;

&lt;p&gt;&lt;strong&gt;Note:&lt;/strong&gt; This document is itself written using Markdown; you
    can &lt;a href=&quot;/projects/markdown/basics.text&quot;&gt;see the source for it by adding &apos;.text&apos; to the URL&lt;/a&gt;.&lt;/p&gt;

&lt;h2&gt;Paragraphs, Headers, Blockquotes&lt;/h2&gt;

&lt;p&gt;A paragraph is simply one or more consecutive lines of text, separated
    by one or more blank lines. (A blank line is any line that looks like a
    blank line -- a line containing nothing spaces or tabs is considered
    blank.) Normal paragraphs should not be intended with spaces or tabs.&lt;/p&gt;

&lt;p&gt;Markdown offers two styles of headers: &lt;em&gt;Setext&lt;/em&gt; and &lt;em&gt;atx&lt;/em&gt;.
    Setext-style headers for &lt;code&gt;&amp;lt;h1&amp;gt;&lt;/code&gt; and &lt;code&gt;&amp;lt;h2&amp;gt;&lt;/code&gt; are created by
    &quot;underlining&quot; with equal signs (&lt;code&gt;=&lt;/code&gt;) and hyphens (&lt;code&gt;-&lt;/code&gt;), respectively.
    To create an atx-style header, you put 1-6 hash marks (&lt;code&gt;#&lt;/code&gt;) at the
    beginning of the line -- the number of hashes equals the resulting
    HTML header level.&lt;/p&gt;

&lt;p&gt;Blockquotes are indicated using email-style &apos;&lt;code&gt;&amp;gt;&lt;/code&gt;&apos; angle brackets.&lt;/p&gt;

&lt;p&gt;Markdown:&lt;/p&gt;

&lt;pre&gt;&lt;code&gt;A First Level Header
    ====================

    A Second Level Header
    ---------------------

    Now is the time for all good men to come to
    the aid of their country. This is just a
    regular paragraph.

    The quick brown fox jumped over the lazy
    dog&apos;s back.

    ### Header 3

    &amp;gt; This is a blockquote.
    &amp;gt;
    &amp;gt; This is the second paragraph in the blockquote.
    &amp;gt;
    &amp;gt; ## This is an H2 in a blockquote
&lt;/code&gt;&lt;/pre&gt;

&lt;p&gt;Output:&lt;/p&gt;

&lt;pre&gt;&lt;code&gt;&amp;lt;h1&amp;gt;A First Level Header&amp;lt;/h1&amp;gt;

    &amp;lt;h2&amp;gt;A Second Level Header&amp;lt;/h2&amp;gt;

    &amp;lt;p&amp;gt;Now is the time for all good men to come to
    the aid of their country. This is just a
    regular paragraph.&amp;lt;/p&amp;gt;

    &amp;lt;p&amp;gt;The quick brown fox jumped over the lazy
    dog&apos;s back.&amp;lt;/p&amp;gt;

    &amp;lt;h3&amp;gt;Header 3&amp;lt;/h3&amp;gt;

    &amp;lt;blockquote&amp;gt;
    &amp;lt;p&amp;gt;This is a blockquote.&amp;lt;/p&amp;gt;

    &amp;lt;p&amp;gt;This is the second paragraph in the blockquote.&amp;lt;/p&amp;gt;

    &amp;lt;h2&amp;gt;This is an H2 in a blockquote&amp;lt;/h2&amp;gt;
    &amp;lt;/blockquote&amp;gt;
&lt;/code&gt;&lt;/pre&gt;

&lt;h3&gt;Phrase Emphasis&lt;/h3&gt;

&lt;p&gt;Markdown uses asterisks and underscores to indicate spans of emphasis.&lt;/p&gt;

&lt;p&gt;Markdown:&lt;/p&gt;

&lt;pre&gt;&lt;code&gt;Some of these words *are emphasized*.
    Some of these words _are emphasized also_.

    Use two asterisks for **strong emphasis**.
    Or, if you prefer, __use two underscores instead__.
&lt;/code&gt;&lt;/pre&gt;

&lt;p&gt;Output:&lt;/p&gt;

&lt;pre&gt;&lt;code&gt;&amp;lt;p&amp;gt;Some of these words &amp;lt;em&amp;gt;are emphasized&amp;lt;/em&amp;gt;.
    Some of these words &amp;lt;em&amp;gt;are emphasized also&amp;lt;/em&amp;gt;.&amp;lt;/p&amp;gt;

    &amp;lt;p&amp;gt;Use two asterisks for &amp;lt;strong&amp;gt;strong emphasis&amp;lt;/strong&amp;gt;.
    Or, if you prefer, &amp;lt;strong&amp;gt;use two underscores instead&amp;lt;/strong&amp;gt;.&amp;lt;/p&amp;gt;
&lt;/code&gt;&lt;/pre&gt;

&lt;h2&gt;Lists&lt;/h2&gt;

&lt;p&gt;Unordered (bulleted) lists use asterisks, pluses, and hyphens (&lt;code&gt;*&lt;/code&gt;,
    &lt;code&gt;+&lt;/code&gt;, and &lt;code&gt;-&lt;/code&gt;) as list markers. These three markers are
    interchangable; this:&lt;/p&gt;

&lt;pre&gt;&lt;code&gt;* Candy.
    * Gum.
    * Booze.
&lt;/code&gt;&lt;/pre&gt;

&lt;p&gt;this:&lt;/p&gt;

&lt;pre&gt;&lt;code&gt;+ Candy.
    + Gum.
    + Booze.
&lt;/code&gt;&lt;/pre&gt;

&lt;p&gt;and this:&lt;/p&gt;

&lt;pre&gt;&lt;code&gt;- Candy.
    - Gum.
    - Booze.
&lt;/code&gt;&lt;/pre&gt;

&lt;p&gt;all produce the same output:&lt;/p&gt;

&lt;pre&gt;&lt;code&gt;&amp;lt;ul&amp;gt;
    &amp;lt;li&amp;gt;Candy.&amp;lt;/li&amp;gt;
    &amp;lt;li&amp;gt;Gum.&amp;lt;/li&amp;gt;
    &amp;lt;li&amp;gt;Booze.&amp;lt;/li&amp;gt;
    &amp;lt;/ul&amp;gt;
&lt;/code&gt;&lt;/pre&gt;

&lt;p&gt;Ordered (numbered) lists use regular numbers, followed by periods, as
    list markers:&lt;/p&gt;

&lt;pre&gt;&lt;code&gt;1. Red
    2. Green
    3. Blue
&lt;/code&gt;&lt;/pre&gt;

&lt;p&gt;Output:&lt;/p&gt;

&lt;pre&gt;&lt;code&gt;&amp;lt;ol&amp;gt;
    &amp;lt;li&amp;gt;Red&amp;lt;/li&amp;gt;
    &amp;lt;li&amp;gt;Green&amp;lt;/li&amp;gt;
    &amp;lt;li&amp;gt;Blue&amp;lt;/li&amp;gt;
    &amp;lt;/ol&amp;gt;
&lt;/code&gt;&lt;/pre&gt;

&lt;p&gt;If you put blank lines between items, you&apos;ll get &lt;code&gt;&amp;lt;p&amp;gt;&lt;/code&gt; tags for the
    list item text. You can create multi-paragraph list items by indenting
    the paragraphs by 4 spaces or 1 tab:&lt;/p&gt;

&lt;pre&gt;&lt;code&gt;* A list item.

    With multiple paragraphs.

    * Another item in the list.
&lt;/code&gt;&lt;/pre&gt;

&lt;p&gt;Output:&lt;/p&gt;

&lt;pre&gt;&lt;code&gt;&amp;lt;ul&amp;gt;
    &amp;lt;li&amp;gt;&amp;lt;p&amp;gt;A list item.&amp;lt;/p&amp;gt;
    &amp;lt;p&amp;gt;With multiple paragraphs.&amp;lt;/p&amp;gt;&amp;lt;/li&amp;gt;
    &amp;lt;li&amp;gt;&amp;lt;p&amp;gt;Another item in the list.&amp;lt;/p&amp;gt;&amp;lt;/li&amp;gt;
    &amp;lt;/ul&amp;gt;
&lt;/code&gt;&lt;/pre&gt;

&lt;h3&gt;Links&lt;/h3&gt;

&lt;p&gt;Markdown supports two styles for creating links: &lt;em&gt;inline&lt;/em&gt; and
    &lt;em&gt;reference&lt;/em&gt;. With both styles, you use square brackets to delimit the
    text you want to turn into a link.&lt;/p&gt;

&lt;p&gt;Inline-style links use parentheses immediately after the link text.
    For example:&lt;/p&gt;

&lt;pre&gt;&lt;code&gt;This is an [example link](http://example.com/).
&lt;/code&gt;&lt;/pre&gt;

&lt;p&gt;Output:&lt;/p&gt;

&lt;pre&gt;&lt;code&gt;&amp;lt;p&amp;gt;This is an &amp;lt;a href=&quot;http://example.com/&quot;&amp;gt;
    example link&amp;lt;/a&amp;gt;.&amp;lt;/p&amp;gt;
&lt;/code&gt;&lt;/pre&gt;

&lt;p&gt;Optionally, you may include a title attribute in the parentheses:&lt;/p&gt;

&lt;pre&gt;&lt;code&gt;This is an [example link](http://example.com/ &quot;With a Title&quot;).
&lt;/code&gt;&lt;/pre&gt;

&lt;p&gt;Output:&lt;/p&gt;

&lt;pre&gt;&lt;code&gt;&amp;lt;p&amp;gt;This is an &amp;lt;a href=&quot;http://example.com/&quot; title=&quot;With a Title&quot;&amp;gt;
    example link&amp;lt;/a&amp;gt;.&amp;lt;/p&amp;gt;
&lt;/code&gt;&lt;/pre&gt;

&lt;p&gt;Reference-style links allow you to refer to your links by names, which
    you define elsewhere in your document:&lt;/p&gt;

&lt;pre&gt;&lt;code&gt;I get 10 times more traffic from [Google][1] than from
    [Yahoo][2] or [MSN][3].

    [1]: http://google.com/ &quot;Google&quot;
    [2]: http://search.yahoo.com/ &quot;Yahoo Search&quot;
    [3]: http://search.msn.com/ &quot;MSN Search&quot;
&lt;/code&gt;&lt;/pre&gt;

&lt;p&gt;Output:&lt;/p&gt;

&lt;pre&gt;&lt;code&gt;&amp;lt;p&amp;gt;I get 10 times more traffic from &amp;lt;a href=&quot;http://google.com/&quot;
    title=&quot;Google&quot;&amp;gt;Google&amp;lt;/a&amp;gt; than from &amp;lt;a href=&quot;http://search.yahoo.com/&quot;
    title=&quot;Yahoo Search&quot;&amp;gt;Yahoo&amp;lt;/a&amp;gt; or &amp;lt;a href=&quot;http://search.msn.com/&quot;
    title=&quot;MSN Search&quot;&amp;gt;MSN&amp;lt;/a&amp;gt;.&amp;lt;/p&amp;gt;
&lt;/code&gt;&lt;/pre&gt;

&lt;p&gt;The title attribute is optional. Link names may contain letters,
    numbers and spaces, but are &lt;em&gt;not&lt;/em&gt; case sensitive:&lt;/p&gt;

&lt;pre&gt;&lt;code&gt;I start my morning with a cup of coffee and
    [The New York Times][NY Times].

    [ny times]: http://www.nytimes.com/
&lt;/code&gt;&lt;/pre&gt;

&lt;p&gt;Output:&lt;/p&gt;

&lt;pre&gt;&lt;code&gt;&amp;lt;p&amp;gt;I start my morning with a cup of coffee and
    &amp;lt;a href=&quot;http://www.nytimes.com/&quot;&amp;gt;The New York Times&amp;lt;/a&amp;gt;.&amp;lt;/p&amp;gt;
&lt;/code&gt;&lt;/pre&gt;

&lt;h3&gt;Images&lt;/h3&gt;

&lt;p&gt;Image syntax is very much like link syntax.&lt;/p&gt;

&lt;p&gt;Inline (titles are optional):&lt;/p&gt;

&lt;pre&gt;&lt;code&gt;![alt text](/path/to/img.jpg &quot;Title&quot;)
&lt;/code&gt;&lt;/pre&gt;

&lt;p&gt;Reference-style:&lt;/p&gt;

&lt;pre&gt;&lt;code&gt;![alt text][id]

    [id]: /path/to/img.jpg &quot;Title&quot;
&lt;/code&gt;&lt;/pre&gt;

&lt;p&gt;Both of the above examples produce the same output:&lt;/p&gt;

&lt;pre&gt;&lt;code&gt;&amp;lt;img src=&quot;/path/to/img.jpg&quot; alt=&quot;alt text&quot; title=&quot;Title&quot; /&amp;gt;
&lt;/code&gt;&lt;/pre&gt;

&lt;h3&gt;Code&lt;/h3&gt;

&lt;p&gt;In a regular paragraph, you can create code span by wrapping text in
    backtick quotes. Any ampersands (&lt;code&gt;&amp;amp;&lt;/code&gt;) and angle brackets (&lt;code&gt;&amp;lt;&lt;/code&gt; or
    &lt;code&gt;&amp;gt;&lt;/code&gt;) will automatically be translated into HTML entities. This makes
    it easy to use Markdown to write about HTML example code:&lt;/p&gt;

&lt;pre&gt;&lt;code&gt;I strongly recommend against using any `&amp;lt;blink&amp;gt;` tags.

    I wish SmartyPants used named entities like `&amp;amp;mdash;`
    instead of decimal-encoded entites like `&amp;amp;#8212;`.
&lt;/code&gt;&lt;/pre&gt;

&lt;p&gt;Output:&lt;/p&gt;

&lt;pre&gt;&lt;code&gt;&amp;lt;p&amp;gt;I strongly recommend against using any
    &amp;lt;code&amp;gt;&amp;amp;lt;blink&amp;amp;gt;&amp;lt;/code&amp;gt; tags.&amp;lt;/p&amp;gt;

    &amp;lt;p&amp;gt;I wish SmartyPants used named entities like
    &amp;lt;code&amp;gt;&amp;amp;amp;mdash;&amp;lt;/code&amp;gt; instead of decimal-encoded
    entites like &amp;lt;code&amp;gt;&amp;amp;amp;#8212;&amp;lt;/code&amp;gt;.&amp;lt;/p&amp;gt;
&lt;/code&gt;&lt;/pre&gt;

&lt;p&gt;To specify an entire block of pre-formatted code, indent every line of
    the block by 4 spaces or 1 tab. Just like with code spans, &lt;code&gt;&amp;amp;&lt;/code&gt;, &lt;code&gt;&amp;lt;&lt;/code&gt;,
    and &lt;code&gt;&amp;gt;&lt;/code&gt; characters will be escaped automatically.&lt;/p&gt;

&lt;p&gt;Markdown:&lt;/p&gt;

&lt;pre&gt;&lt;code&gt;If you want your page to validate under XHTML 1.0 Strict,
    you&apos;ve got to put paragraph tags in your blockquotes:

    &amp;lt;blockquote&amp;gt;
    &amp;lt;p&amp;gt;For example.&amp;lt;/p&amp;gt;
    &amp;lt;/blockquote&amp;gt;
&lt;/code&gt;&lt;/pre&gt;

&lt;p&gt;Output:&lt;/p&gt;

&lt;pre&gt;&lt;code&gt;&amp;lt;p&amp;gt;If you want your page to validate under XHTML 1.0 Strict,
    you&apos;ve got to put paragraph tags in your blockquotes:&amp;lt;/p&amp;gt;

    &amp;lt;pre&amp;gt;&amp;lt;code&amp;gt;&amp;amp;lt;blockquote&amp;amp;gt;
    &amp;amp;lt;p&amp;amp;gt;For example.&amp;amp;lt;/p&amp;amp;gt;
    &amp;amp;lt;/blockquote&amp;amp;gt;
    ]&amp;lt;/code&amp;gt;&amp;lt;/pr...&gt; but was:&lt;&lt;h1[ &gt;Markdown: Basics&lt;/h1&gt;

&lt;ul id=&quot;ProjectSubmenu&quot;&gt;
    &lt;li&gt;&lt;a href=&quot;/projects/markdown/&quot; title=&quot;Markdown Project Page&quot;&gt;Main&lt;/a&gt;&lt;/li&gt;
    &lt;li&gt;&lt;a class=&quot;selected&quot; title=&quot;Markdown Basics&quot;&gt;Basics&lt;/a&gt;&lt;/li&gt;
    &lt;li&gt;&lt;a href=&quot;/projects/markdown/syntax&quot; title=&quot;Markdown Syntax Documentation&quot;&gt;Syntax&lt;/a&gt;&lt;/li&gt;
    &lt;li&gt;&lt;a href=&quot;/projects/markdown/license&quot; title=&quot;Pricing and License Information&quot;&gt;License&lt;/a&gt;&lt;/li&gt;
    &lt;li&gt;&lt;a href=&quot;/projects/markdown/dingus&quot; title=&quot;Online Markdown Web Form&quot;&gt;Dingus&lt;/a&gt;&lt;/li&gt;
&lt;/ul&gt;

&lt;h2 &gt;Getting the Gist of Markdown&apos;s Formatting Syntax&lt;/h2&gt;

&lt;p&gt;This page offers a brief overview of what it&apos;s like to use Markdown.
The &lt;a href=&quot;/projects/markdown/syntax&quot; title=&quot;Markdown Syntax&quot;&gt;syntax page&lt;/a&gt; provides complete, detailed documentation for
every feature, but Markdown should be very easy to pick up simply by
looking at a few examples of it in action. The examples on this page
are written in a before/after style, showing example syntax and the
HTML output produced by Markdown.&lt;/p&gt;

&lt;p&gt;It&apos;s also helpful to simply try Markdown out; the &lt;a href=&quot;/projects/markdown/dingus&quot; title=&quot;Markdown Dingus&quot;&gt;Dingus&lt;/a&gt; is a
web application that allows you type your own Markdown-formatted text
and translate it to XHTML.&lt;/p&gt;

&lt;p&gt;&lt;strong&gt;Note:&lt;/strong&gt; This document is itself written using Markdown; you
can &lt;a href=&quot;/projects/markdown/basics.text&quot;&gt;see the source for it by adding &apos;.text&apos; to the URL&lt;/a&gt;.&lt;/p&gt;

&lt;h2&gt;Paragraphs, Headers, Blockquotes&lt;/h2&gt;

&lt;p&gt;A paragraph is simply one or more consecutive lines of text, separated
by one or more blank lines. (A blank line is any line that looks like a
blank line -- a line containing nothing spaces or tabs is considered
blank.) Normal paragraphs should not be intended with spaces or tabs.&lt;/p&gt;

&lt;p&gt;Markdown offers two styles of headers: &lt;em&gt;Setext&lt;/em&gt; and &lt;em&gt;atx&lt;/em&gt;.
Setext-style headers for &lt;code&gt;&amp;lt;h1&amp;gt;&lt;/code&gt; and &lt;code&gt;&amp;lt;h2&amp;gt;&lt;/code&gt; are created by
&quot;underlining&quot; with equal signs (&lt;code&gt;=&lt;/code&gt;) and hyphens (&lt;code&gt;-&lt;/code&gt;), respectively.
To create an atx-style header, you put 1-6 hash marks (&lt;code&gt;#&lt;/code&gt;) at the
beginning of the line -- the number of hashes equals the resulting
HTML header level.&lt;/p&gt;

&lt;p&gt;Blockquotes are indicated using email-style &apos;&lt;code&gt;&amp;gt;&lt;/code&gt;&apos; angle brackets.&lt;/p&gt;

&lt;p&gt;Markdown:&lt;/p&gt;

&lt;pre&gt;&lt;code&gt;A First Level Header
====================

A Second Level Header
---------------------

Now is the time for all good men to come to
the aid of their country. This is just a
regular paragraph.

The quick brown fox jumped over the lazy
dog&apos;s back.

### Header 3

&amp;gt; This is a blockquote.
&amp;gt; 
&amp;gt; This is the second paragraph in the blockquote.
&amp;gt;
&amp;gt; ## This is an H2 in a blockquote
&lt;/code&gt;&lt;/pre&gt;

&lt;p&gt;Output:&lt;/p&gt;

&lt;pre&gt;&lt;code&gt;&amp;lt;h1&amp;gt;A First Level Header&amp;lt;/h1&amp;gt;

&amp;lt;h2&amp;gt;A Second Level Header&amp;lt;/h2&amp;gt;

&amp;lt;p&amp;gt;Now is the time for all good men to come to
the aid of their country. This is just a
regular paragraph.&amp;lt;/p&amp;gt;

&amp;lt;p&amp;gt;The quick brown fox jumped over the lazy
dog&apos;s back.&amp;lt;/p&amp;gt;

&amp;lt;h3&amp;gt;Header 3&amp;lt;/h3&amp;gt;

&amp;lt;blockquote&amp;gt;
    &amp;lt;p&amp;gt;This is a blockquote.&amp;lt;/p&amp;gt;

    &amp;lt;p&amp;gt;This is the second paragraph in the blockquote.&amp;lt;/p&amp;gt;

    &amp;lt;h2&amp;gt;This is an H2 in a blockquote&amp;lt;/h2&amp;gt;
&amp;lt;/blockquote&amp;gt;
&lt;/code&gt;&lt;/pre&gt;

&lt;h3&gt;Phrase Emphasis&lt;/h3&gt;

&lt;p&gt;Markdown uses asterisks and underscores to indicate spans of emphasis.&lt;/p&gt;

&lt;p&gt;Markdown:&lt;/p&gt;

&lt;pre&gt;&lt;code&gt;Some of these words *are emphasized*.
Some of these words _are emphasized also_.

Use two asterisks for **strong emphasis**.
Or, if you prefer, __use two underscores instead__.
&lt;/code&gt;&lt;/pre&gt;

&lt;p&gt;Output:&lt;/p&gt;

&lt;pre&gt;&lt;code&gt;&amp;lt;p&amp;gt;Some of these words &amp;lt;em&amp;gt;are emphasized&amp;lt;/em&amp;gt;.
Some of these words &amp;lt;em&amp;gt;are emphasized also&amp;lt;/em&amp;gt;.&amp;lt;/p&amp;gt;

&amp;lt;p&amp;gt;Use two asterisks for &amp;lt;strong&amp;gt;strong emphasis&amp;lt;/strong&amp;gt;.
Or, if you prefer, &amp;lt;strong&amp;gt;use two underscores instead&amp;lt;/strong&amp;gt;.&amp;lt;/p&amp;gt;
&lt;/code&gt;&lt;/pre&gt;

&lt;h2&gt;Lists&lt;/h2&gt;

&lt;p&gt;Unordered (bulleted) lists use asterisks, pluses, and hyphens (&lt;code&gt;*&lt;/code&gt;,
&lt;code&gt;+&lt;/code&gt;, and &lt;code&gt;-&lt;/code&gt;) as list markers. These three markers are
interchangable; this:&lt;/p&gt;

&lt;pre&gt;&lt;code&gt;*   Candy.
*   Gum.
*   Booze.
&lt;/code&gt;&lt;/pre&gt;

&lt;p&gt;this:&lt;/p&gt;

&lt;pre&gt;&lt;code&gt;+   Candy.
+   Gum.
+   Booze.
&lt;/code&gt;&lt;/pre&gt;

&lt;p&gt;and this:&lt;/p&gt;

&lt;pre&gt;&lt;code&gt;-   Candy.
-   Gum.
-   Booze.
&lt;/code&gt;&lt;/pre&gt;

&lt;p&gt;all produce the same output:&lt;/p&gt;

&lt;pre&gt;&lt;code&gt;&amp;lt;ul&amp;gt;
&amp;lt;li&amp;gt;Candy.&amp;lt;/li&amp;gt;
&amp;lt;li&amp;gt;Gum.&amp;lt;/li&amp;gt;
&amp;lt;li&amp;gt;Booze.&amp;lt;/li&amp;gt;
&amp;lt;/ul&amp;gt;
&lt;/code&gt;&lt;/pre&gt;

&lt;p&gt;Ordered (numbered) lists use regular numbers, followed by periods, as
list markers:&lt;/p&gt;

&lt;pre&gt;&lt;code&gt;1.  Red
2.  Green
3.  Blue
&lt;/code&gt;&lt;/pre&gt;

&lt;p&gt;Output:&lt;/p&gt;

&lt;pre&gt;&lt;code&gt;&amp;lt;ol&amp;gt;
&amp;lt;li&amp;gt;Red&amp;lt;/li&amp;gt;
&amp;lt;li&amp;gt;Green&amp;lt;/li&amp;gt;
&amp;lt;li&amp;gt;Blue&amp;lt;/li&amp;gt;
&amp;lt;/ol&amp;gt;
&lt;/code&gt;&lt;/pre&gt;

&lt;p&gt;If you put blank lines between items, you&apos;ll get &lt;code&gt;&amp;lt;p&amp;gt;&lt;/code&gt; tags for the
list item text. You can create multi-paragraph list items by indenting
the paragraphs by 4 spaces or 1 tab:&lt;/p&gt;

&lt;pre&gt;&lt;code&gt;*   A list item.

    With multiple paragraphs.

*   Another item in the list.
&lt;/code&gt;&lt;/pre&gt;

&lt;p&gt;Output:&lt;/p&gt;

&lt;pre&gt;&lt;code&gt;&amp;lt;ul&amp;gt;
&amp;lt;li&amp;gt;&amp;lt;p&amp;gt;A list item.&amp;lt;/p&amp;gt;
&amp;lt;p&amp;gt;With multiple paragraphs.&amp;lt;/p&amp;gt;&amp;lt;/li&amp;gt;
&amp;lt;li&amp;gt;&amp;lt;p&amp;gt;Another item in the list.&amp;lt;/p&amp;gt;&amp;lt;/li&amp;gt;
&amp;lt;/ul&amp;gt;
&lt;/code&gt;&lt;/pre&gt;

&lt;h3&gt;Links&lt;/h3&gt;

&lt;p&gt;Markdown supports two styles for creating links: &lt;em&gt;inline&lt;/em&gt; and
&lt;em&gt;reference&lt;/em&gt;. With both styles, you use square brackets to delimit the
text you want to turn into a link.&lt;/p&gt;

&lt;p&gt;Inline-style links use parentheses immediately after the link text.
For example:&lt;/p&gt;

&lt;pre&gt;&lt;code&gt;This is an [example link](http://example.com/).
&lt;/code&gt;&lt;/pre&gt;

&lt;p&gt;Output:&lt;/p&gt;

&lt;pre&gt;&lt;code&gt;&amp;lt;p&amp;gt;This is an &amp;lt;a href=&quot;http://example.com/&quot;&amp;gt;
example link&amp;lt;/a&amp;gt;.&amp;lt;/p&amp;gt;
&lt;/code&gt;&lt;/pre&gt;

&lt;p&gt;Optionally, you may include a title attribute in the parentheses:&lt;/p&gt;

&lt;pre&gt;&lt;code&gt;This is an [example link](http://example.com/ &quot;With a Title&quot;).
&lt;/code&gt;&lt;/pre&gt;

&lt;p&gt;Output:&lt;/p&gt;

&lt;pre&gt;&lt;code&gt;&amp;lt;p&amp;gt;This is an &amp;lt;a href=&quot;http://example.com/&quot; title=&quot;With a Title&quot;&amp;gt;
example link&amp;lt;/a&amp;gt;.&amp;lt;/p&amp;gt;
&lt;/code&gt;&lt;/pre&gt;

&lt;p&gt;Reference-style links allow you to refer to your links by names, which
you define elsewhere in your document:&lt;/p&gt;

&lt;pre&gt;&lt;code&gt;I get 10 times more traffic from [Google][1] than from
[Yahoo][2] or [MSN][3].

[1]: http://google.com/        &quot;Google&quot;
[2]: http://search.yahoo.com/  &quot;Yahoo Search&quot;
[3]: http://search.msn.com/    &quot;MSN Search&quot;
&lt;/code&gt;&lt;/pre&gt;

&lt;p&gt;Output:&lt;/p&gt;

&lt;pre&gt;&lt;code&gt;&amp;lt;p&amp;gt;I get 10 times more traffic from &amp;lt;a href=&quot;http://google.com/&quot;
title=&quot;Google&quot;&amp;gt;Google&amp;lt;/a&amp;gt; than from &amp;lt;a href=&quot;http://search.yahoo.com/&quot;
title=&quot;Yahoo Search&quot;&amp;gt;Yahoo&amp;lt;/a&amp;gt; or &amp;lt;a href=&quot;http://search.msn.com/&quot;
title=&quot;MSN Search&quot;&amp;gt;MSN&amp;lt;/a&amp;gt;.&amp;lt;/p&amp;gt;
&lt;/code&gt;&lt;/pre&gt;

&lt;p&gt;The title attribute is optional. Link names may contain letters,
numbers and spaces, but are &lt;em&gt;not&lt;/em&gt; case sensitive:&lt;/p&gt;

&lt;pre&gt;&lt;code&gt;I start my morning with a cup of coffee and
[The New York Times][NY Times].

[ny times]: http://www.nytimes.com/
&lt;/code&gt;&lt;/pre&gt;

&lt;p&gt;Output:&lt;/p&gt;

&lt;pre&gt;&lt;code&gt;&amp;lt;p&amp;gt;I start my morning with a cup of coffee and
&amp;lt;a href=&quot;http://www.nytimes.com/&quot;&amp;gt;The New York Times&amp;lt;/a&amp;gt;.&amp;lt;/p&amp;gt;
&lt;/code&gt;&lt;/pre&gt;

&lt;h3&gt;Images&lt;/h3&gt;

&lt;p&gt;Image syntax is very much like link syntax.&lt;/p&gt;

&lt;p&gt;Inline (titles are optional):&lt;/p&gt;

&lt;pre&gt;&lt;code&gt;![alt text](/path/to/img.jpg &quot;Title&quot;)
&lt;/code&gt;&lt;/pre&gt;

&lt;p&gt;Reference-style:&lt;/p&gt;

&lt;pre&gt;&lt;code&gt;![alt text][id]

[id]: /path/to/img.jpg &quot;Title&quot;
&lt;/code&gt;&lt;/pre&gt;

&lt;p&gt;Both of the above examples produce the same output:&lt;/p&gt;

&lt;pre&gt;&lt;code&gt;&amp;lt;img src=&quot;/path/to/img.jpg&quot; alt=&quot;alt text&quot; title=&quot;Title&quot; /&amp;gt;
&lt;/code&gt;&lt;/pre&gt;

&lt;h3&gt;Code&lt;/h3&gt;

&lt;p&gt;In a regular paragraph, you can create code span by wrapping text in
backtick quotes. Any ampersands (&lt;code&gt;&amp;amp;&lt;/code&gt;) and angle brackets (&lt;code&gt;&amp;lt;&lt;/code&gt; or
&lt;code&gt;&amp;gt;&lt;/code&gt;) will automatically be translated into HTML entities. This makes
it easy to use Markdown to write about HTML example code:&lt;/p&gt;

&lt;pre&gt;&lt;code&gt;I strongly recommend against using any `&amp;lt;blink&amp;gt;` tags.

I wish SmartyPants used named entities like `&amp;amp;mdash;`
instead of decimal-encoded entites like `&amp;amp;#8212;`.
&lt;/code&gt;&lt;/pre&gt;

&lt;p&gt;Output:&lt;/p&gt;

&lt;pre&gt;&lt;code&gt;&amp;lt;p&amp;gt;I strongly recommend against using any
&amp;lt;code&amp;gt;&amp;amp;lt;blink&amp;amp;gt;&amp;lt;/code&amp;gt; tags.&amp;lt;/p&amp;gt;

&amp;lt;p&amp;gt;I wish SmartyPants used named entities like
&amp;lt;code&amp;gt;&amp;amp;amp;mdash;&amp;lt;/code&amp;gt; instead of decimal-encoded
entites like &amp;lt;code&amp;gt;&amp;amp;amp;#8212;&amp;lt;/code&amp;gt;.&amp;lt;/p&amp;gt;
&lt;/code&gt;&lt;/pre&gt;

&lt;p&gt;To specify an entire block of pre-formatted code, indent every line of
the block by 4 spaces or 1 tab. Just like with code spans, &lt;code&gt;&amp;amp;&lt;/code&gt;, &lt;code&gt;&amp;lt;&lt;/code&gt;,
and &lt;code&gt;&amp;gt;&lt;/code&gt; characters will be escaped automatically.&lt;/p&gt;

&lt;p&gt;Markdown:&lt;/p&gt;

&lt;pre&gt;&lt;code&gt;If you want your page to validate under XHTML 1.0 Strict,
you&apos;ve got to put paragraph tags in your blockquotes:

    &amp;lt;blockquote&amp;gt;
        &amp;lt;p&amp;gt;For example.&amp;lt;/p&amp;gt;
    &amp;lt;/blockquote&amp;gt;
&lt;/code&gt;&lt;/pre&gt;

&lt;p&gt;Output:&lt;/p&gt;

&lt;pre&gt;&lt;code&gt;&amp;lt;p&amp;gt;If you want your page to validate under XHTML 1.0 Strict,
you&apos;ve got to put paragraph tags in your blockquotes:&amp;lt;/p&amp;gt;

&amp;lt;pre&amp;gt;&amp;lt;code&amp;gt;&amp;amp;lt;blockquote&amp;amp;gt;
    &amp;amp;lt;p&amp;amp;gt;For example.&amp;amp;lt;/p&amp;amp;gt;
&amp;amp;lt;/blockquote&amp;amp;gt;
]&amp;lt;/code&amp;gt;&amp;lt;/pr...&gt;" type="org.junit.ComparisonFailure">org.junit.ComparisonFailure: Markdown Documentation - Basics expected:&lt;&lt;h1[&gt;Markdown: Basics&lt;/h1&gt;

&lt;ul id=&quot;ProjectSubmenu&quot;&gt;
    &lt;li&gt;&lt;a href=&quot;/projects/markdown/&quot; title=&quot;Markdown Project Page&quot;&gt;Main&lt;/a&gt;&lt;/li&gt;
    &lt;li&gt;&lt;a class=&quot;selected&quot; title=&quot;Markdown Basics&quot;&gt;Basics&lt;/a&gt;&lt;/li&gt;
    &lt;li&gt;&lt;a href=&quot;/projects/markdown/syntax&quot; title=&quot;Markdown Syntax Documentation&quot;&gt;Syntax&lt;/a&gt;&lt;/li&gt;
    &lt;li&gt;&lt;a href=&quot;/projects/markdown/license&quot; title=&quot;Pricing and License Information&quot;&gt;License&lt;/a&gt;&lt;/li&gt;
    &lt;li&gt;&lt;a href=&quot;/projects/markdown/dingus&quot; title=&quot;Online Markdown Web Form&quot;&gt;Dingus&lt;/a&gt;&lt;/li&gt;
&lt;/ul&gt;

&lt;h2&gt;Getting the Gist of Markdown&apos;s Formatting Syntax&lt;/h2&gt;

&lt;p&gt;This page offers a brief overview of what it&apos;s like to use Markdown.
    The &lt;a href=&quot;/projects/markdown/syntax&quot; title=&quot;Markdown Syntax&quot;&gt;syntax page&lt;/a&gt; provides complete, detailed documentation for
    every feature, but Markdown should be very easy to pick up simply by
    looking at a few examples of it in action. The examples on this page
    are written in a before/after style, showing example syntax and the
    HTML output produced by Markdown.&lt;/p&gt;

&lt;p&gt;It&apos;s also helpful to simply try Markdown out; the &lt;a href=&quot;/projects/markdown/dingus&quot; title=&quot;Markdown Dingus&quot;&gt;Dingus&lt;/a&gt; is a
    web application that allows you type your own Markdown-formatted text
    and translate it to XHTML.&lt;/p&gt;

&lt;p&gt;&lt;strong&gt;Note:&lt;/strong&gt; This document is itself written using Markdown; you
    can &lt;a href=&quot;/projects/markdown/basics.text&quot;&gt;see the source for it by adding &apos;.text&apos; to the URL&lt;/a&gt;.&lt;/p&gt;

&lt;h2&gt;Paragraphs, Headers, Blockquotes&lt;/h2&gt;

&lt;p&gt;A paragraph is simply one or more consecutive lines of text, separated
    by one or more blank lines. (A blank line is any line that looks like a
    blank line -- a line containing nothing spaces or tabs is considered
    blank.) Normal paragraphs should not be intended with spaces or tabs.&lt;/p&gt;

&lt;p&gt;Markdown offers two styles of headers: &lt;em&gt;Setext&lt;/em&gt; and &lt;em&gt;atx&lt;/em&gt;.
    Setext-style headers for &lt;code&gt;&amp;lt;h1&amp;gt;&lt;/code&gt; and &lt;code&gt;&amp;lt;h2&amp;gt;&lt;/code&gt; are created by
    &quot;underlining&quot; with equal signs (&lt;code&gt;=&lt;/code&gt;) and hyphens (&lt;code&gt;-&lt;/code&gt;), respectively.
    To create an atx-style header, you put 1-6 hash marks (&lt;code&gt;#&lt;/code&gt;) at the
    beginning of the line -- the number of hashes equals the resulting
    HTML header level.&lt;/p&gt;

&lt;p&gt;Blockquotes are indicated using email-style &apos;&lt;code&gt;&amp;gt;&lt;/code&gt;&apos; angle brackets.&lt;/p&gt;

&lt;p&gt;Markdown:&lt;/p&gt;

&lt;pre&gt;&lt;code&gt;A First Level Header
    ====================

    A Second Level Header
    ---------------------

    Now is the time for all good men to come to
    the aid of their country. This is just a
    regular paragraph.

    The quick brown fox jumped over the lazy
    dog&apos;s back.

    ### Header 3

    &amp;gt; This is a blockquote.
    &amp;gt;
    &amp;gt; This is the second paragraph in the blockquote.
    &amp;gt;
    &amp;gt; ## This is an H2 in a blockquote
&lt;/code&gt;&lt;/pre&gt;

&lt;p&gt;Output:&lt;/p&gt;

&lt;pre&gt;&lt;code&gt;&amp;lt;h1&amp;gt;A First Level Header&amp;lt;/h1&amp;gt;

    &amp;lt;h2&amp;gt;A Second Level Header&amp;lt;/h2&amp;gt;

    &amp;lt;p&amp;gt;Now is the time for all good men to come to
    the aid of their country. This is just a
    regular paragraph.&amp;lt;/p&amp;gt;

    &amp;lt;p&amp;gt;The quick brown fox jumped over the lazy
    dog&apos;s back.&amp;lt;/p&amp;gt;

    &amp;lt;h3&amp;gt;Header 3&amp;lt;/h3&amp;gt;

    &amp;lt;blockquote&amp;gt;
    &amp;lt;p&amp;gt;This is a blockquote.&amp;lt;/p&amp;gt;

    &amp;lt;p&amp;gt;This is the second paragraph in the blockquote.&amp;lt;/p&amp;gt;

    &amp;lt;h2&amp;gt;This is an H2 in a blockquote&amp;lt;/h2&amp;gt;
    &amp;lt;/blockquote&amp;gt;
&lt;/code&gt;&lt;/pre&gt;

&lt;h3&gt;Phrase Emphasis&lt;/h3&gt;

&lt;p&gt;Markdown uses asterisks and underscores to indicate spans of emphasis.&lt;/p&gt;

&lt;p&gt;Markdown:&lt;/p&gt;

&lt;pre&gt;&lt;code&gt;Some of these words *are emphasized*.
    Some of these words _are emphasized also_.

    Use two asterisks for **strong emphasis**.
    Or, if you prefer, __use two underscores instead__.
&lt;/code&gt;&lt;/pre&gt;

&lt;p&gt;Output:&lt;/p&gt;

&lt;pre&gt;&lt;code&gt;&amp;lt;p&amp;gt;Some of these words &amp;lt;em&amp;gt;are emphasized&amp;lt;/em&amp;gt;.
    Some of these words &amp;lt;em&amp;gt;are emphasized also&amp;lt;/em&amp;gt;.&amp;lt;/p&amp;gt;

    &amp;lt;p&amp;gt;Use two asterisks for &amp;lt;strong&amp;gt;strong emphasis&amp;lt;/strong&amp;gt;.
    Or, if you prefer, &amp;lt;strong&amp;gt;use two underscores instead&amp;lt;/strong&amp;gt;.&amp;lt;/p&amp;gt;
&lt;/code&gt;&lt;/pre&gt;

&lt;h2&gt;Lists&lt;/h2&gt;

&lt;p&gt;Unordered (bulleted) lists use asterisks, pluses, and hyphens (&lt;code&gt;*&lt;/code&gt;,
    &lt;code&gt;+&lt;/code&gt;, and &lt;code&gt;-&lt;/code&gt;) as list markers. These three markers are
    interchangable; this:&lt;/p&gt;

&lt;pre&gt;&lt;code&gt;* Candy.
    * Gum.
    * Booze.
&lt;/code&gt;&lt;/pre&gt;

&lt;p&gt;this:&lt;/p&gt;

&lt;pre&gt;&lt;code&gt;+ Candy.
    + Gum.
    + Booze.
&lt;/code&gt;&lt;/pre&gt;

&lt;p&gt;and this:&lt;/p&gt;

&lt;pre&gt;&lt;code&gt;- Candy.
    - Gum.
    - Booze.
&lt;/code&gt;&lt;/pre&gt;

&lt;p&gt;all produce the same output:&lt;/p&gt;

&lt;pre&gt;&lt;code&gt;&amp;lt;ul&amp;gt;
    &amp;lt;li&amp;gt;Candy.&amp;lt;/li&amp;gt;
    &amp;lt;li&amp;gt;Gum.&amp;lt;/li&amp;gt;
    &amp;lt;li&amp;gt;Booze.&amp;lt;/li&amp;gt;
    &amp;lt;/ul&amp;gt;
&lt;/code&gt;&lt;/pre&gt;

&lt;p&gt;Ordered (numbered) lists use regular numbers, followed by periods, as
    list markers:&lt;/p&gt;

&lt;pre&gt;&lt;code&gt;1. Red
    2. Green
    3. Blue
&lt;/code&gt;&lt;/pre&gt;

&lt;p&gt;Output:&lt;/p&gt;

&lt;pre&gt;&lt;code&gt;&amp;lt;ol&amp;gt;
    &amp;lt;li&amp;gt;Red&amp;lt;/li&amp;gt;
    &amp;lt;li&amp;gt;Green&amp;lt;/li&amp;gt;
    &amp;lt;li&amp;gt;Blue&amp;lt;/li&amp;gt;
    &amp;lt;/ol&amp;gt;
&lt;/code&gt;&lt;/pre&gt;

&lt;p&gt;If you put blank lines between items, you&apos;ll get &lt;code&gt;&amp;lt;p&amp;gt;&lt;/code&gt; tags for the
    list item text. You can create multi-paragraph list items by indenting
    the paragraphs by 4 spaces or 1 tab:&lt;/p&gt;

&lt;pre&gt;&lt;code&gt;* A list item.

    With multiple paragraphs.

    * Another item in the list.
&lt;/code&gt;&lt;/pre&gt;

&lt;p&gt;Output:&lt;/p&gt;

&lt;pre&gt;&lt;code&gt;&amp;lt;ul&amp;gt;
    &amp;lt;li&amp;gt;&amp;lt;p&amp;gt;A list item.&amp;lt;/p&amp;gt;
    &amp;lt;p&amp;gt;With multiple paragraphs.&amp;lt;/p&amp;gt;&amp;lt;/li&amp;gt;
    &amp;lt;li&amp;gt;&amp;lt;p&amp;gt;Another item in the list.&amp;lt;/p&amp;gt;&amp;lt;/li&amp;gt;
    &amp;lt;/ul&amp;gt;
&lt;/code&gt;&lt;/pre&gt;

&lt;h3&gt;Links&lt;/h3&gt;

&lt;p&gt;Markdown supports two styles for creating links: &lt;em&gt;inline&lt;/em&gt; and
    &lt;em&gt;reference&lt;/em&gt;. With both styles, you use square brackets to delimit the
    text you want to turn into a link.&lt;/p&gt;

&lt;p&gt;Inline-style links use parentheses immediately after the link text.
    For example:&lt;/p&gt;

&lt;pre&gt;&lt;code&gt;This is an [example link](http://example.com/).
&lt;/code&gt;&lt;/pre&gt;

&lt;p&gt;Output:&lt;/p&gt;

&lt;pre&gt;&lt;code&gt;&amp;lt;p&amp;gt;This is an &amp;lt;a href=&quot;http://example.com/&quot;&amp;gt;
    example link&amp;lt;/a&amp;gt;.&amp;lt;/p&amp;gt;
&lt;/code&gt;&lt;/pre&gt;

&lt;p&gt;Optionally, you may include a title attribute in the parentheses:&lt;/p&gt;

&lt;pre&gt;&lt;code&gt;This is an [example link](http://example.com/ &quot;With a Title&quot;).
&lt;/code&gt;&lt;/pre&gt;

&lt;p&gt;Output:&lt;/p&gt;

&lt;pre&gt;&lt;code&gt;&amp;lt;p&amp;gt;This is an &amp;lt;a href=&quot;http://example.com/&quot; title=&quot;With a Title&quot;&amp;gt;
    example link&amp;lt;/a&amp;gt;.&amp;lt;/p&amp;gt;
&lt;/code&gt;&lt;/pre&gt;

&lt;p&gt;Reference-style links allow you to refer to your links by names, which
    you define elsewhere in your document:&lt;/p&gt;

&lt;pre&gt;&lt;code&gt;I get 10 times more traffic from [Google][1] than from
    [Yahoo][2] or [MSN][3].

    [1]: http://google.com/ &quot;Google&quot;
    [2]: http://search.yahoo.com/ &quot;Yahoo Search&quot;
    [3]: http://search.msn.com/ &quot;MSN Search&quot;
&lt;/code&gt;&lt;/pre&gt;

&lt;p&gt;Output:&lt;/p&gt;

&lt;pre&gt;&lt;code&gt;&amp;lt;p&amp;gt;I get 10 times more traffic from &amp;lt;a href=&quot;http://google.com/&quot;
    title=&quot;Google&quot;&amp;gt;Google&amp;lt;/a&amp;gt; than from &amp;lt;a href=&quot;http://search.yahoo.com/&quot;
    title=&quot;Yahoo Search&quot;&amp;gt;Yahoo&amp;lt;/a&amp;gt; or &amp;lt;a href=&quot;http://search.msn.com/&quot;
    title=&quot;MSN Search&quot;&amp;gt;MSN&amp;lt;/a&amp;gt;.&amp;lt;/p&amp;gt;
&lt;/code&gt;&lt;/pre&gt;

&lt;p&gt;The title attribute is optional. Link names may contain letters,
    numbers and spaces, but are &lt;em&gt;not&lt;/em&gt; case sensitive:&lt;/p&gt;

&lt;pre&gt;&lt;code&gt;I start my morning with a cup of coffee and
    [The New York Times][NY Times].

    [ny times]: http://www.nytimes.com/
&lt;/code&gt;&lt;/pre&gt;

&lt;p&gt;Output:&lt;/p&gt;

&lt;pre&gt;&lt;code&gt;&amp;lt;p&amp;gt;I start my morning with a cup of coffee and
    &amp;lt;a href=&quot;http://www.nytimes.com/&quot;&amp;gt;The New York Times&amp;lt;/a&amp;gt;.&amp;lt;/p&amp;gt;
&lt;/code&gt;&lt;/pre&gt;

&lt;h3&gt;Images&lt;/h3&gt;

&lt;p&gt;Image syntax is very much like link syntax.&lt;/p&gt;

&lt;p&gt;Inline (titles are optional):&lt;/p&gt;

&lt;pre&gt;&lt;code&gt;![alt text](/path/to/img.jpg &quot;Title&quot;)
&lt;/code&gt;&lt;/pre&gt;

&lt;p&gt;Reference-style:&lt;/p&gt;

&lt;pre&gt;&lt;code&gt;![alt text][id]

    [id]: /path/to/img.jpg &quot;Title&quot;
&lt;/code&gt;&lt;/pre&gt;

&lt;p&gt;Both of the above examples produce the same output:&lt;/p&gt;

&lt;pre&gt;&lt;code&gt;&amp;lt;img src=&quot;/path/to/img.jpg&quot; alt=&quot;alt text&quot; title=&quot;Title&quot; /&amp;gt;
&lt;/code&gt;&lt;/pre&gt;

&lt;h3&gt;Code&lt;/h3&gt;

&lt;p&gt;In a regular paragraph, you can create code span by wrapping text in
    backtick quotes. Any ampersands (&lt;code&gt;&amp;amp;&lt;/code&gt;) and angle brackets (&lt;code&gt;&amp;lt;&lt;/code&gt; or
    &lt;code&gt;&amp;gt;&lt;/code&gt;) will automatically be translated into HTML entities. This makes
    it easy to use Markdown to write about HTML example code:&lt;/p&gt;

&lt;pre&gt;&lt;code&gt;I strongly recommend against using any `&amp;lt;blink&amp;gt;` tags.

    I wish SmartyPants used named entities like `&amp;amp;mdash;`
    instead of decimal-encoded entites like `&amp;amp;#8212;`.
&lt;/code&gt;&lt;/pre&gt;

&lt;p&gt;Output:&lt;/p&gt;

&lt;pre&gt;&lt;code&gt;&amp;lt;p&amp;gt;I strongly recommend against using any
    &amp;lt;code&amp;gt;&amp;amp;lt;blink&amp;amp;gt;&amp;lt;/code&amp;gt; tags.&amp;lt;/p&amp;gt;

    &amp;lt;p&amp;gt;I wish SmartyPants used named entities like
    &amp;lt;code&amp;gt;&amp;amp;amp;mdash;&amp;lt;/code&amp;gt; instead of decimal-encoded
    entites like &amp;lt;code&amp;gt;&amp;amp;amp;#8212;&amp;lt;/code&amp;gt;.&amp;lt;/p&amp;gt;
&lt;/code&gt;&lt;/pre&gt;

&lt;p&gt;To specify an entire block of pre-formatted code, indent every line of
    the block by 4 spaces or 1 tab. Just like with code spans, &lt;code&gt;&amp;amp;&lt;/code&gt;, &lt;code&gt;&amp;lt;&lt;/code&gt;,
    and &lt;code&gt;&amp;gt;&lt;/code&gt; characters will be escaped automatically.&lt;/p&gt;

&lt;p&gt;Markdown:&lt;/p&gt;

&lt;pre&gt;&lt;code&gt;If you want your page to validate under XHTML 1.0 Strict,
    you&apos;ve got to put paragraph tags in your blockquotes:

    &amp;lt;blockquote&amp;gt;
    &amp;lt;p&amp;gt;For example.&amp;lt;/p&amp;gt;
    &amp;lt;/blockquote&amp;gt;
&lt;/code&gt;&lt;/pre&gt;

&lt;p&gt;Output:&lt;/p&gt;

&lt;pre&gt;&lt;code&gt;&amp;lt;p&amp;gt;If you want your page to validate under XHTML 1.0 Strict,
    you&apos;ve got to put paragraph tags in your blockquotes:&amp;lt;/p&amp;gt;

    &amp;lt;pre&amp;gt;&amp;lt;code&amp;gt;&amp;amp;lt;blockquote&amp;amp;gt;
    &amp;amp;lt;p&amp;amp;gt;For example.&amp;amp;lt;/p&amp;amp;gt;
    &amp;amp;lt;/blockquote&amp;amp;gt;
    ]&amp;lt;/code&amp;gt;&amp;lt;/pr...&gt; but was:&lt;&lt;h1[ &gt;Markdown: Basics&lt;/h1&gt;

&lt;ul id=&quot;ProjectSubmenu&quot;&gt;
    &lt;li&gt;&lt;a href=&quot;/projects/markdown/&quot; title=&quot;Markdown Project Page&quot;&gt;Main&lt;/a&gt;&lt;/li&gt;
    &lt;li&gt;&lt;a class=&quot;selected&quot; title=&quot;Markdown Basics&quot;&gt;Basics&lt;/a&gt;&lt;/li&gt;
    &lt;li&gt;&lt;a href=&quot;/projects/markdown/syntax&quot; title=&quot;Markdown Syntax Documentation&quot;&gt;Syntax&lt;/a&gt;&lt;/li&gt;
    &lt;li&gt;&lt;a href=&quot;/projects/markdown/license&quot; title=&quot;Pricing and License Information&quot;&gt;License&lt;/a&gt;&lt;/li&gt;
    &lt;li&gt;&lt;a href=&quot;/projects/markdown/dingus&quot; title=&quot;Online Markdown Web Form&quot;&gt;Dingus&lt;/a&gt;&lt;/li&gt;
&lt;/ul&gt;

&lt;h2 &gt;Getting the Gist of Markdown&apos;s Formatting Syntax&lt;/h2&gt;

&lt;p&gt;This page offers a brief overview of what it&apos;s like to use Markdown.
The &lt;a href=&quot;/projects/markdown/syntax&quot; title=&quot;Markdown Syntax&quot;&gt;syntax page&lt;/a&gt; provides complete, detailed documentation for
every feature, but Markdown should be very easy to pick up simply by
looking at a few examples of it in action. The examples on this page
are written in a before/after style, showing example syntax and the
HTML output produced by Markdown.&lt;/p&gt;

&lt;p&gt;It&apos;s also helpful to simply try Markdown out; the &lt;a href=&quot;/projects/markdown/dingus&quot; title=&quot;Markdown Dingus&quot;&gt;Dingus&lt;/a&gt; is a
web application that allows you type your own Markdown-formatted text
and translate it to XHTML.&lt;/p&gt;

&lt;p&gt;&lt;strong&gt;Note:&lt;/strong&gt; This document is itself written using Markdown; you
can &lt;a href=&quot;/projects/markdown/basics.text&quot;&gt;see the source for it by adding &apos;.text&apos; to the URL&lt;/a&gt;.&lt;/p&gt;

&lt;h2&gt;Paragraphs, Headers, Blockquotes&lt;/h2&gt;

&lt;p&gt;A paragraph is simply one or more consecutive lines of text, separated
by one or more blank lines. (A blank line is any line that looks like a
blank line -- a line containing nothing spaces or tabs is considered
blank.) Normal paragraphs should not be intended with spaces or tabs.&lt;/p&gt;

&lt;p&gt;Markdown offers two styles of headers: &lt;em&gt;Setext&lt;/em&gt; and &lt;em&gt;atx&lt;/em&gt;.
Setext-style headers for &lt;code&gt;&amp;lt;h1&amp;gt;&lt;/code&gt; and &lt;code&gt;&amp;lt;h2&amp;gt;&lt;/code&gt; are created by
&quot;underlining&quot; with equal signs (&lt;code&gt;=&lt;/code&gt;) and hyphens (&lt;code&gt;-&lt;/code&gt;), respectively.
To create an atx-style header, you put 1-6 hash marks (&lt;code&gt;#&lt;/code&gt;) at the
beginning of the line -- the number of hashes equals the resulting
HTML header level.&lt;/p&gt;

&lt;p&gt;Blockquotes are indicated using email-style &apos;&lt;code&gt;&amp;gt;&lt;/code&gt;&apos; angle brackets.&lt;/p&gt;

&lt;p&gt;Markdown:&lt;/p&gt;

&lt;pre&gt;&lt;code&gt;A First Level Header
====================

A Second Level Header
---------------------

Now is the time for all good men to come to
the aid of their country. This is just a
regular paragraph.

The quick brown fox jumped over the lazy
dog&apos;s back.

### Header 3

&amp;gt; This is a blockquote.
&amp;gt; 
&amp;gt; This is the second paragraph in the blockquote.
&amp;gt;
&amp;gt; ## This is an H2 in a blockquote
&lt;/code&gt;&lt;/pre&gt;

&lt;p&gt;Output:&lt;/p&gt;

&lt;pre&gt;&lt;code&gt;&amp;lt;h1&amp;gt;A First Level Header&amp;lt;/h1&amp;gt;

&amp;lt;h2&amp;gt;A Second Level Header&amp;lt;/h2&amp;gt;

[...]
&lt;li&gt;&lt;p&gt;Three&lt;/p&gt;&lt;/li&gt;
&lt;/ol&gt;

&lt;p&gt;Multiple paragraphs:&lt;/p&gt;

&lt;ol&gt;
&lt;li&gt;&lt;p&gt;Item 1, graf one.&lt;/p&gt;

&lt;p&gt;Item 2. graf two. The quick brown fox jumped over the lazy dog&apos;s
back.&lt;/p&gt;&lt;/li&gt;
&lt;li&gt;&lt;p&gt;Item 2.&lt;/p&gt;&lt;/li&gt;
&lt;li&gt;&lt;p&gt;Item 3.&lt;/p&gt;&lt;/li&gt;
&lt;/ol&gt;

&lt;h2&gt;Nested&lt;/h2&gt;

&lt;ul&gt;
&lt;li&gt;Tab
&lt;ul&gt;&lt;li&gt;Tab
&lt;ul&gt;&lt;li&gt;Tab&lt;/li&gt;&lt;/ul&gt;&lt;/li&gt;&lt;/ul&gt;&lt;/li&gt;
&lt;/ul&gt;

&lt;p&gt;Here&apos;s another:&lt;/p&gt;

&lt;ol&gt;
&lt;li&gt;First&lt;/li&gt;
&lt;li&gt;Second:
&lt;ul&gt;&lt;li&gt;Fee&lt;/li&gt;
&lt;li&gt;Fie&lt;/li&gt;
&lt;li&gt;Foe&lt;/li&gt;&lt;/ul&gt;&lt;/li&gt;
&lt;li&gt;Third&lt;/li&gt;
&lt;/ol&gt;

&lt;p&gt;Same thing but with paragraphs:&lt;/p&gt;

&lt;ol&gt;
&lt;li&gt;&lt;p&gt;First&lt;/p&gt;&lt;/li&gt;
&lt;li&gt;&lt;p&gt;Second:&lt;/p&gt;

&lt;ul&gt;&lt;li&gt;Fee&lt;/li&gt;
&lt;li&gt;Fie&lt;/li&gt;
&lt;li&gt;Foe&lt;/li&gt;&lt;/ul&gt;&lt;/li&gt;
&lt;li&gt;&lt;p&gt;Third&lt;/p&gt;&lt;/li&gt;
&lt;/ol&gt;

&lt;p&gt;This was an error in Markdown 1.0.1:&lt;/p&gt;

&lt;ul&gt;
&lt;li&gt;&lt;p&gt;this&lt;/p&gt;

&lt;ul&gt;&lt;li&gt;sub&lt;/li&gt;&lt;/ul&gt;

]&lt;p&gt;that&lt;/p&gt;&lt;/li&gt;
&lt;/u...&gt;
	at org.junit.Assert.assertEquals(Assert.java:115)
	at org.mashti.synopsis.MarkdownTest.runTest(MarkdownTest.java:92)
	at sun.reflect.GeneratedMethodAccessor1.invoke(Unknown Source)
	at sun.reflect.DelegatingMethodAccessorImpl.invoke(DelegatingMethodAccessorImpl.java:43)
	at java.lang.reflect.Method.invoke(Method.java:601)
	at org.junit.runners.model.FrameworkMethod$1.runReflectiveCall(FrameworkMethod.java:47)
	at org.junit.internal.runners.model.ReflectiveCallable.run(ReflectiveCallable.java:12)
	at org.junit.runners.model.FrameworkMethod.invokeExplosively(FrameworkMethod.java:44)
	at org.junit.internal.runners.statements.InvokeMethod.evaluate(InvokeMethod.java:17)
	at org.junit.runners.ParentRunner.runLeaf(ParentRunner.java:271)
	at org.junit.runners.BlockJUnit4ClassRunner.runChild(BlockJUnit4ClassRunner.java:70)
	at org.junit.runners.BlockJUnit4ClassRunner.runChild(BlockJUnit4ClassRunner.java:50)
	at org.junit.runners.ParentRunner$3.run(ParentRunner.java:238)
	at org.junit.runners.ParentRunner$1.schedule(ParentRunner.java:63)
	at org.junit.runners.ParentRunner.runChildren(ParentRunner.java:236)
	at org.junit.runners.ParentRunner.access$000(ParentRunner.java:53)
	at org.junit.runners.ParentRunner$2.evaluate(ParentRunner.java:229)
	at org.junit.runners.ParentRunner.run(ParentRunner.java:309)
	at org.junit.runners.Suite.runChild(Suite.java:127)
	at org.junit.runners.Suite.runChild(Suite.java:26)
	at org.junit.runners.ParentRunner$3.run(ParentRunner.java:238)
	at org.junit.runners.ParentRunner$1.schedule(ParentRunner.java:63)
	at org.junit.runners.ParentRunner.runChildren(ParentRunner.java:236)
	at org.junit.runners.ParentRunner.access$000(ParentRunner.java:53)
	at org.junit.runners.ParentRunner$2.evaluate(ParentRunner.java:229)
	at org.junit.runners.ParentRunner.run(ParentRunner.java:309)
	at org.apache.maven.surefire.junit4.JUnit4TestSet.execute(JUnit4TestSet.java:53)
	at org.apache.maven.surefire.junit4.JUnit4Provider.executeTestSet(JUnit4Provider.java:123)
	at org.apache.maven.surefire.junit4.JUnit4Provider.invoke(JUnit4Provider.java:104)
	at sun.reflect.NativeMethodAccessorImpl.invoke0(Native Method)
	at sun.reflect.NativeMethodAccessorImpl.invoke(NativeMethodAccessorImpl.java:57)
	at sun.reflect.DelegatingMethodAccessorImpl.invoke(DelegatingMethodAccessorImpl.java:43)
	at java.lang.reflect.Method.invoke(Method.java:601)
	at org.apache.maven.surefire.util.ReflectionUtils.invokeMethodWithArray(ReflectionUtils.java:164)
	at org.apache.maven.surefire.booter.ProviderFactory$ProviderProxy.invoke(ProviderFactory.java:110)
	at org.apache.maven.surefire.booter.SurefireStarter.invokeProvider(SurefireStarter.java:175)
	at org.apache.maven.surefire.booter.SurefireStarter.runSuitesInProcessWhenForked(SurefireStarter.java:107)
	at org.apache.maven.surefire.booter.ForkedBooter.main(ForkedBooter.java:68)
</failure>
  </testcase>
  <testcase time="0.003" classname="org.mashti.synopsis.MarkdownTest" name="runTest[17: Strong and em together]"/>
  <testcase time="0.009" classname="org.mashti.synopsis.MarkdownTest" name="runTest[18: Tables]">
    <failure message="Tables expected:&lt;&lt;table&gt;
[    &lt;caption&gt;Table caption, works as a reference][section-mmd-tables-table1&lt;/caption&gt;
    &lt;thead&gt;
    &lt;tr&gt;
        &lt;th&gt;First Header&lt;/th&gt;
        &lt;th&gt;Second Header&lt;/th&gt;
        &lt;th&gt;Third Header&lt;/th&gt;
    &lt;/tr&gt;
    &lt;/thead&gt;
    &lt;tbody&gt;
    &lt;tr&gt;
        &lt;td&gt;First row&lt;/td&gt;
        &lt;td&gt;Data&lt;/td&gt;
        &lt;td&gt;Very long data entry&lt;/td&gt;
    &lt;/tr&gt;
    &lt;tr&gt;
        &lt;td&gt;Second row&lt;/td&gt;
        &lt;td&gt;&lt;strong&gt;Cell&lt;/strong&gt;&lt;/td&gt;
        &lt;td&gt;&lt;em&gt;Cell&lt;/em&gt;&lt;/td&gt;
    &lt;/tr&gt;
    &lt;tr&gt;
        &lt;td&gt;Third row&lt;/td&gt;
        &lt;td colspan=&quot;2&quot;&gt;Cell that spans across two columns&lt;/td&gt;
    &lt;/tr&gt;
    ]&lt;/tbody&gt;
&lt;/table&gt;&gt; but was:&lt;&lt;table&gt;
[&lt;caption&gt;Table caption, works as a reference&lt;/caption&gt;
&lt;thead&gt;
&lt;tr&gt;
&lt;th&gt;First Header&lt;/th&gt;
&lt;th&gt;Second Header&lt;/th&gt;
&lt;th&gt;Third Header&lt;/th&gt;
&lt;/tr&gt;
&lt;/thead&gt;
&lt;tbody&gt;
&lt;tr&gt;
&lt;td&gt;First row&lt;/td&gt;
&lt;td&gt;Data&lt;/td&gt;
&lt;td&gt;Very long data entry&lt;/td&gt;
&lt;/tr&gt;
&lt;tr&gt;
&lt;td&gt;Second row&lt;/td&gt;
&lt;td&gt;&lt;strong&gt;Cell&lt;/strong&gt;&lt;/td&gt;
&lt;td&gt;&lt;em&gt;Cell&lt;/em&gt;&lt;/td&gt;
&lt;/tr&gt;
&lt;tr&gt;
&lt;td&gt;Third row&lt;/td&gt;
&lt;td colspan=&quot;2&quot;&gt;Cell that spans across two columns&lt;/td&gt;
&lt;/tr&gt;
]&lt;/tbody&gt;
&lt;/table&gt;&gt;" type="org.junit.ComparisonFailure">org.junit.ComparisonFailure: Tables expected:&lt;&lt;table&gt;
[    &lt;caption&gt;Table caption, works as a reference][section-mmd-tables-table1&lt;/caption&gt;
    &lt;thead&gt;
    &lt;tr&gt;
        &lt;th&gt;First Header&lt;/th&gt;
        &lt;th&gt;Second Header&lt;/th&gt;
        &lt;th&gt;Third Header&lt;/th&gt;
    &lt;/tr&gt;
    &lt;/thead&gt;
    &lt;tbody&gt;
    &lt;tr&gt;
        &lt;td&gt;First row&lt;/td&gt;
        &lt;td&gt;Data&lt;/td&gt;
        &lt;td&gt;Very long data entry&lt;/td&gt;
    &lt;/tr&gt;
    &lt;tr&gt;
        &lt;td&gt;Second row&lt;/td&gt;
        &lt;td&gt;&lt;strong&gt;Cell&lt;/strong&gt;&lt;/td&gt;
        &lt;td&gt;&lt;em&gt;Cell&lt;/em&gt;&lt;/td&gt;
    &lt;/tr&gt;
    &lt;tr&gt;
        &lt;td&gt;Third row&lt;/td&gt;
        &lt;td colspan=&quot;2&quot;&gt;Cell that spans across two columns&lt;/td&gt;
    &lt;/tr&gt;
    ]&lt;/tbody&gt;
&lt;/table&gt;&gt; but was:&lt;&lt;table&gt;
[&lt;caption&gt;Table caption, works as a reference&lt;/caption&gt;
&lt;thead&gt;
&lt;tr&gt;
&lt;th&gt;First Header&lt;/th&gt;
&lt;th&gt;Second Header&lt;/th&gt;
&lt;th&gt;Third Header&lt;/th&gt;
&lt;/tr&gt;
&lt;/thead&gt;
&lt;tbody&gt;
&lt;tr&gt;
&lt;td&gt;First row&lt;/td&gt;
&lt;td&gt;Data&lt;/td&gt;
&lt;td&gt;Very long data entry&lt;/td&gt;
&lt;/tr&gt;
&lt;tr&gt;
&lt;td&gt;Second row&lt;/td&gt;
&lt;td&gt;&lt;strong&gt;Cell&lt;/strong&gt;&lt;/td&gt;
&lt;td&gt;&lt;em&gt;Cell&lt;/em&gt;&lt;/td&gt;
&lt;/tr&gt;
&lt;tr&gt;
&lt;td&gt;Third row&lt;/td&gt;
&lt;td colspan=&quot;2&quot;&gt;Cell that spans across two columns&lt;/td&gt;
&lt;/tr&gt;
]&lt;/tbody&gt;
&lt;/table&gt;&gt;
	at org.junit.Assert.assertEquals(Assert.java:115)
	at org.mashti.synopsis.MarkdownTest.runTest(MarkdownTest.java:92)
	at sun.reflect.GeneratedMethodAccessor1.invoke(Unknown Source)
	at sun.reflect.DelegatingMethodAccessorImpl.invoke(DelegatingMethodAccessorImpl.java:43)
	at java.lang.reflect.Method.invoke(Method.java:601)
	at org.junit.runners.model.FrameworkMethod$1.runReflectiveCall(FrameworkMethod.java:47)
	at org.junit.internal.runners.model.ReflectiveCallable.run(ReflectiveCallable.java:12)
	at org.junit.runners.model.FrameworkMethod.invokeExplosively(FrameworkMethod.java:44)
	at org.junit.internal.runners.statements.InvokeMethod.evaluate(InvokeMethod.java:17)
	at org.junit.runners.ParentRunner.runLeaf(ParentRunner.java:271)
	at org.junit.runners.BlockJUnit4ClassRunner.runChild(BlockJUnit4ClassRunner.java:70)
	at org.junit.runners.BlockJUnit4ClassRunner.runChild(BlockJUnit4ClassRunner.java:50)
	at org.junit.runners.ParentRunner$3.run(ParentRunner.java:238)
	at org.junit.runners.ParentRunner$1.schedule(ParentRunner.java:63)
	at org.junit.runners.ParentRunner.runChildren(ParentRunner.java:236)
	at org.junit.runners.ParentRunner.access$000(ParentRunner.java:53)
	at org.junit.runners.ParentRunner$2.evaluate(ParentRunner.java:229)
	at org.junit.runners.ParentRunner.run(ParentRunner.java:309)
	at org.junit.runners.Suite.runChild(Suite.java:127)
	at org.junit.runners.Suite.runChild(Suite.java:26)
	at org.junit.runners.ParentRunner$3.run(ParentRunner.java:238)
	at org.junit.runners.ParentRunner$1.schedule(ParentRunner.java:63)
	at org.junit.runners.ParentRunner.runChildren(ParentRunner.java:236)
	at org.junit.runners.ParentRunner.access$000(ParentRunner.java:53)
	at org.junit.runners.ParentRunner$2.evaluate(ParentRunner.java:229)
	at org.junit.runners.ParentRunner.run(ParentRunner.java:309)
	at org.apache.maven.surefire.junit4.JUnit4TestSet.execute(JUnit4TestSet.java:53)
	at org.apache.maven.surefire.junit4.JUnit4Provider.executeTestSet(JUnit4Provider.java:123)
	at org.apache.maven.surefire.junit4.JUnit4Provider.invoke(JUnit4Provider.java:104)
	at sun.reflect.NativeMethodAccessorImpl.invoke0(Native Method)
	at sun.reflect.NativeMethodAccessorImpl.invoke(NativeMethodAccessorImpl.java:57)
	at sun.reflect.DelegatingMethodAccessorImpl.invoke(DelegatingMethodAccessorImpl.java:43)
	at java.lang.reflect.Method.invoke(Method.java:601)
	at org.apache.maven.surefire.util.ReflectionUtils.invokeMethodWithArray(ReflectionUtils.java:164)
	at org.apache.maven.surefire.booter.ProviderFactory$ProviderProxy.invoke(ProviderFactory.java:110)
	at org.apache.maven.surefire.booter.SurefireStarter.invokeProvider(SurefireStarter.java:175)
	at org.apache.maven.surefire.booter.SurefireStarter.runSuitesInProcessWhenForked(SurefireStarter.java:107)
	at org.apache.maven.surefire.booter.ForkedBooter.main(ForkedBooter.java:68)
</failure>
  </testcase>
  <testcase time="0.013" classname="org.mashti.synopsis.MarkdownTest" name="runTest[19: Tabs]">
    <failure message="Tabs expected:&lt;&lt;ul&gt;
[    &lt;li&gt;&lt;p&gt;this is a list item
        indented with tabs&lt;/p&gt;&lt;/li&gt;
    &lt;li&gt;&lt;p&gt;this is a list item
        indented with spaces&lt;/p&gt;&lt;/li&gt;
&lt;/ul&gt;

&lt;p&gt;Code:&lt;/p&gt;

&lt;pre&gt;&lt;code&gt;this code block is indented by one tab
&lt;/code&gt;&lt;/pre&gt;

&lt;p&gt;And:&lt;/p&gt;

&lt;pre&gt;&lt;code&gt; this code block is indented by two tabs
&lt;/code&gt;&lt;/pre&gt;

&lt;p&gt;And:&lt;/p&gt;

&lt;pre&gt;&lt;code&gt;+ this is an example list item
    indented with tabs

    +] this is an example ...&gt; but was:&lt;&lt;ul&gt;
[&lt;li&gt;&lt;p&gt;this is a list item
indented with tabs&lt;/p&gt;&lt;/li&gt;
&lt;li&gt;&lt;p&gt;this is a list item
indented with spaces&lt;/p&gt;&lt;/li&gt;
&lt;/ul&gt;

&lt;p&gt;Code:&lt;/p&gt;

&lt;pre&gt;&lt;code&gt;this code block is indented by one tab
&lt;/code&gt;&lt;/pre&gt;

&lt;p&gt;And:&lt;/p&gt;

&lt;pre&gt;&lt;code&gt;    this code block is indented by two tabs
&lt;/code&gt;&lt;/pre&gt;

&lt;p&gt;And:&lt;/p&gt;

&lt;pre&gt;&lt;code&gt;+   this is an example list item
    indented with tabs

+  ] this is an example ...&gt;" type="org.junit.ComparisonFailure">org.junit.ComparisonFailure: Tabs expected:&lt;&lt;ul&gt;
[    &lt;li&gt;&lt;p&gt;this is a list item
        indented with tabs&lt;/p&gt;&lt;/li&gt;
    &lt;li&gt;&lt;p&gt;this is a list item
        indented with spaces&lt;/p&gt;&lt;/li&gt;
&lt;/ul&gt;

&lt;p&gt;Code:&lt;/p&gt;

&lt;pre&gt;&lt;code&gt;this code block is indented by one tab
&lt;/code&gt;&lt;/pre&gt;

&lt;p&gt;And:&lt;/p&gt;

&lt;pre&gt;&lt;code&gt; this code block is indented by two tabs
&lt;/code&gt;&lt;/pre&gt;

&lt;p&gt;And:&lt;/p&gt;

&lt;pre&gt;&lt;code&gt;+ this is an example list item
    indented with tabs

    +] this is an example ...&gt; but was:&lt;&lt;ul&gt;
[&lt;li&gt;&lt;p&gt;this is a list item
indented with tabs&lt;/p&gt;&lt;/li&gt;
&lt;li&gt;&lt;p&gt;this is a list item
indented with spaces&lt;/p&gt;&lt;/li&gt;
&lt;/ul&gt;

&lt;p&gt;Code:&lt;/p&gt;

&lt;pre&gt;&lt;code&gt;this code block is indented by one tab
&lt;/code&gt;&lt;/pre&gt;

&lt;p&gt;And:&lt;/p&gt;

&lt;pre&gt;&lt;code&gt;    this code block is indented by two tabs
&lt;/code&gt;&lt;/pre&gt;

&lt;p&gt;And:&lt;/p&gt;

&lt;pre&gt;&lt;code&gt;+   this is an example list item
    indented with tabs

+  ] this is an example ...&gt;
	at org.junit.Assert.assertEquals(Assert.java:115)
	at org.mashti.synopsis.MarkdownTest.runTest(MarkdownTest.java:92)
	at sun.reflect.GeneratedMethodAccessor1.invoke(Unknown Source)
	at sun.reflect.DelegatingMethodAccessorImpl.invoke(DelegatingMethodAccessorImpl.java:43)
	at java.lang.reflect.Method.invoke(Method.java:601)
	at org.junit.runners.model.FrameworkMethod$1.runReflectiveCall(FrameworkMethod.java:47)
	at org.junit.internal.runners.model.ReflectiveCallable.run(ReflectiveCallable.java:12)
	at org.junit.runners.model.FrameworkMethod.invokeExplosively(FrameworkMethod.java:44)
	at org.junit.internal.runners.statements.InvokeMethod.evaluate(InvokeMethod.java:17)
	at org.junit.runners.ParentRunner.runLeaf(ParentRunner.java:271)
	at org.junit.runners.BlockJUnit4ClassRunner.runChild(BlockJUnit4ClassRunner.java:70)
	at org.junit.runners.BlockJUnit4ClassRunner.runChild(BlockJUnit4ClassRunner.java:50)
	at org.junit.runners.ParentRunner$3.run(ParentRunner.java:238)
	at org.junit.runners.ParentRunner$1.schedule(ParentRunner.java:63)
	at org.junit.runners.ParentRunner.runChildren(ParentRunner.java:236)
	at org.junit.runners.ParentRunner.access$000(ParentRunner.java:53)
	at org.junit.runners.ParentRunner$2.evaluate(ParentRunner.java:229)
	at org.junit.runners.ParentRunner.run(ParentRunner.java:309)
	at org.junit.runners.Suite.runChild(Suite.java:127)
	at org.junit.runners.Suite.runChild(Suite.java:26)
	at org.junit.runners.ParentRunner$3.run(ParentRunner.java:238)
	at org.junit.runners.ParentRunner$1.schedule(ParentRunner.java:63)
	at org.junit.runners.ParentRunner.runChildren(ParentRunner.java:236)
	at org.junit.runners.ParentRunner.access$000(ParentRunner.java:53)
	at org.junit.runners.ParentRunner$2.evaluate(ParentRunner.java:229)
	at org.junit.runners.ParentRunner.run(ParentRunner.java:309)
	at org.apache.maven.surefire.junit4.JUnit4TestSet.execute(JUnit4TestSet.java:53)
	at org.apache.maven.surefire.junit4.JUnit4Provider.executeTestSet(JUnit4Provider.java:123)
	at org.apache.maven.surefire.junit4.JUnit4Provider.invoke(JUnit4Provider.java:104)
	at sun.reflect.NativeMethodAccessorImpl.invoke0(Native Method)
	at sun.reflect.NativeMethodAccessorImpl.invoke(NativeMethodAccessorImpl.java:57)
	at sun.reflect.DelegatingMethodAccessorImpl.invoke(DelegatingMethodAccessorImpl.java:43)
	at java.lang.reflect.Method.invoke(Method.java:601)
	at org.apache.maven.surefire.util.ReflectionUtils.invokeMethodWithArray(ReflectionUtils.java:164)
	at org.apache.maven.surefire.booter.ProviderFactory$ProviderProxy.invoke(ProviderFactory.java:110)
	at org.apache.maven.surefire.booter.SurefireStarter.invokeProvider(SurefireStarter.java:175)
	at org.apache.maven.surefire.booter.SurefireStarter.runSuitesInProcessWhenForked(SurefireStarter.java:107)
	at org.apache.maven.surefire.booter.ForkedBooter.main(ForkedBooter.java:68)
</failure>
  </testcase>
  <testcase time="0.005" classname="org.mashti.synopsis.MarkdownTest" name="runTest[20: Tidyness]">
    <failure message="Tidyness expected:&lt;&lt;blockquote&gt;
  [  &lt;p&gt;A list within a blockquote:&lt;/p&gt;

    &lt;ul&gt;
        &lt;li&gt;asterisk 1&lt;/li&gt;
        &lt;li&gt;asterisk 2&lt;/li&gt;
        &lt;li&gt;asterisk 3&lt;/li&gt;
  ]  &lt;/ul&gt;
&lt;/blockquote...&gt; but was:&lt;&lt;blockquote&gt;
  [&lt;p&gt;A list within a blockquote:&lt;/p&gt;
  
  &lt;ul&gt;
  &lt;li&gt;asterisk 1&lt;/li&gt;
  &lt;li&gt;asterisk 2&lt;/li&gt;
  &lt;li&gt;asterisk 3&lt;/li&gt;
]  &lt;/ul&gt;
&lt;/blockquote...&gt;" type="org.junit.ComparisonFailure">org.junit.ComparisonFailure: Tidyness expected:&lt;&lt;blockquote&gt;
  [  &lt;p&gt;A list within a blockquote:&lt;/p&gt;

    &lt;ul&gt;
        &lt;li&gt;asterisk 1&lt;/li&gt;
        &lt;li&gt;asterisk 2&lt;/li&gt;
        &lt;li&gt;asterisk 3&lt;/li&gt;
  ]  &lt;/ul&gt;
&lt;/blockquote...&gt; but was:&lt;&lt;blockquote&gt;
  [&lt;p&gt;A list within a blockquote:&lt;/p&gt;
  
  &lt;ul&gt;
  &lt;li&gt;asterisk 1&lt;/li&gt;
  &lt;li&gt;asterisk 2&lt;/li&gt;
  &lt;li&gt;asterisk 3&lt;/li&gt;
]  &lt;/ul&gt;
&lt;/blockquote...&gt;
	at org.junit.Assert.assertEquals(Assert.java:115)
	at org.mashti.synopsis.MarkdownTest.runTest(MarkdownTest.java:92)
	at sun.reflect.GeneratedMethodAccessor1.invoke(Unknown Source)
	at sun.reflect.DelegatingMethodAccessorImpl.invoke(DelegatingMethodAccessorImpl.java:43)
	at java.lang.reflect.Method.invoke(Method.java:601)
	at org.junit.runners.model.FrameworkMethod$1.runReflectiveCall(FrameworkMethod.java:47)
	at org.junit.internal.runners.model.ReflectiveCallable.run(ReflectiveCallable.java:12)
	at org.junit.runners.model.FrameworkMethod.invokeExplosively(FrameworkMethod.java:44)
	at org.junit.internal.runners.statements.InvokeMethod.evaluate(InvokeMethod.java:17)
	at org.junit.runners.ParentRunner.runLeaf(ParentRunner.java:271)
	at org.junit.runners.BlockJUnit4ClassRunner.runChild(BlockJUnit4ClassRunner.java:70)
	at org.junit.runners.BlockJUnit4ClassRunner.runChild(BlockJUnit4ClassRunner.java:50)
	at org.junit.runners.ParentRunner$3.run(ParentRunner.java:238)
	at org.junit.runners.ParentRunner$1.schedule(ParentRunner.java:63)
	at org.junit.runners.ParentRunner.runChildren(ParentRunner.java:236)
	at org.junit.runners.ParentRunner.access$000(ParentRunner.java:53)
	at org.junit.runners.ParentRunner$2.evaluate(ParentRunner.java:229)
	at org.junit.runners.ParentRunner.run(ParentRunner.java:309)
	at org.junit.runners.Suite.runChild(Suite.java:127)
	at org.junit.runners.Suite.runChild(Suite.java:26)
	at org.junit.runners.ParentRunner$3.run(ParentRunner.java:238)
	at org.junit.runners.ParentRunner$1.schedule(ParentRunner.java:63)
	at org.junit.runners.ParentRunner.runChildren(ParentRunner.java:236)
	at org.junit.runners.ParentRunner.access$000(ParentRunner.java:53)
	at org.junit.runners.ParentRunner$2.evaluate(ParentRunner.java:229)
	at org.junit.runners.ParentRunner.run(ParentRunner.java:309)
	at org.apache.maven.surefire.junit4.JUnit4TestSet.execute(JUnit4TestSet.java:53)
	at org.apache.maven.surefire.junit4.JUnit4Provider.executeTestSet(JUnit4Provider.java:123)
	at org.apache.maven.surefire.junit4.JUnit4Provider.invoke(JUnit4Provider.java:104)
	at sun.reflect.NativeMethodAccessorImpl.invoke0(Native Method)
	at sun.reflect.NativeMethodAccessorImpl.invoke(NativeMethodAccessorImpl.java:57)
	at sun.reflect.DelegatingMethodAccessorImpl.invoke(DelegatingMethodAccessorImpl.java:43)
	at java.lang.reflect.Method.invoke(Method.java:601)
	at org.apache.maven.surefire.util.ReflectionUtils.invokeMethodWithArray(ReflectionUtils.java:164)
	at org.apache.maven.surefire.booter.ProviderFactory$ProviderProxy.invoke(ProviderFactory.java:110)
	at org.apache.maven.surefire.booter.SurefireStarter.invokeProvider(SurefireStarter.java:175)
	at org.apache.maven.surefire.booter.SurefireStarter.runSuitesInProcessWhenForked(SurefireStarter.java:107)
	at org.apache.maven.surefire.booter.ForkedBooter.main(ForkedBooter.java:68)
</failure>
  </testcase>
</testsuite>