<?xml version="1.0" encoding="UTF-8" ?>
<testsuite failures="1" time="0.08" errors="0" skipped="0" tests="37" name="org.mashti.synopsis.MarkupFileTest">
  <properties>
[...]
</properties>
  <testcase time="0.001" classname="org.mashti.synopsis.MarkupFileTest" name="runTest[0: {1}]"/>
  <testcase time="0.001" classname="org.mashti.synopsis.MarkupFileTest" name="runTest[1: {1}]"/>
  <testcase time="0.001" classname="org.mashti.synopsis.MarkupFileTest" name="runTest[2: {1}]"/>
  <testcase time="0.001" classname="org.mashti.synopsis.MarkupFileTest" name="runTest[3: {1}]"/>
  <testcase time="0.001" classname="org.mashti.synopsis.MarkupFileTest" name="runTest[4: {1}]"/>
  <testcase time="0.001" classname="org.mashti.synopsis.MarkupFileTest" name="runTest[5: {1}]"/>
  <testcase time="0.002" classname="org.mashti.synopsis.MarkupFileTest" name="runTest[6: {1}]"/>
  <testcase time="0.002" classname="org.mashti.synopsis.MarkupFileTest" name="runTest[7: {1}]"/>
  <testcase time="0.004" classname="org.mashti.synopsis.MarkupFileTest" name="runTest[8: {1}]"/>
  <testcase time="0.003" classname="org.mashti.synopsis.MarkupFileTest" name="runTest[9: {1}]"/>
  <testcase time="0.004" classname="org.mashti.synopsis.MarkupFileTest" name="runTest[10: {1}]"/>
  <testcase time="0" classname="org.mashti.synopsis.MarkupFileTest" name="runTest[11: {1}]"/>
  <testcase time="0.002" classname="org.mashti.synopsis.MarkupFileTest" name="runTest[12: {1}]">
    <failure message="13(Horizontal Rules) expected:&lt;&lt;hr[ /&gt;

&lt;hr /&gt;

&lt;hr ]/&gt;&gt; but was:&lt;&lt;hr[/&gt;

&lt;hr/&gt;

&lt;hr]/&gt;&gt;" type="org.junit.ComparisonFailure">org.junit.ComparisonFailure: 13(Horizontal Rules) expected:&lt;&lt;hr[ /&gt;

&lt;hr /&gt;

&lt;hr ]/&gt;&gt; but was:&lt;&lt;hr[/&gt;

&lt;hr/&gt;

&lt;hr]/&gt;&gt;
	at org.junit.Assert.assertEquals(Assert.java:115)
	at org.mashti.synopsis.MarkupFileTest.runTest(MarkupFileTest.java:136)
	at sun.reflect.NativeMethodAccessorImpl.invoke0(Native Method)
	at sun.reflect.NativeMethodAccessorImpl.invoke(NativeMethodAccessorImpl.java:57)
	at sun.reflect.DelegatingMethodAccessorImpl.invoke(DelegatingMethodAccessorImpl.java:43)
	at java.lang.reflect.Method.invoke(Method.java:601)
	at org.junit.runners.model.FrameworkMethod$1.runReflectiveCall(FrameworkMethod.java:47)
	at org.junit.internal.runners.model.ReflectiveCallable.run(ReflectiveCallable.java:12)
	at org.junit.runners.model.FrameworkMethod.invokeExplosively(FrameworkMethod.java:44)
	at org.junit.internal.runners.statements.InvokeMethod.evaluate(InvokeMethod.java:17)
	at org.junit.runners.ParentRunner.runLeaf(ParentRunner.java:271)
	at org.junit.runners.BlockJUnit4ClassRunner.runChild(BlockJUnit4ClassRunner.java:70)
	at org.junit.runners.BlockJUnit4ClassRunner.runChild(BlockJUnit4ClassRunner.java:50)
	at org.junit.runners.ParentRunner$3.run(ParentRunner.java:238)
	at org.junit.runners.ParentRunner$1.schedule(ParentRunner.java:63)
	at org.junit.runners.ParentRunner.runChildren(ParentRunner.java:236)
	at org.junit.runners.ParentRunner.access$000(ParentRunner.java:53)
	at org.junit.runners.ParentRunner$2.evaluate(ParentRunner.java:229)
	at org.junit.runners.ParentRunner.run(ParentRunner.java:309)
	at org.junit.runners.Suite.runChild(Suite.java:127)
	at org.junit.runners.Suite.runChild(Suite.java:26)
	at org.junit.runners.ParentRunner$3.run(ParentRunner.java:238)
	at org.junit.runners.ParentRunner$1.schedule(ParentRunner.java:63)
	at org.junit.runners.ParentRunner.runChildren(ParentRunner.java:236)
	at org.junit.runners.ParentRunner.access$000(ParentRunner.java:53)
	at org.junit.runners.ParentRunner$2.evaluate(ParentRunner.java:229)
	at org.junit.runners.ParentRunner.run(ParentRunner.java:309)
	at org.apache.maven.surefire.junit4.JUnit4TestSet.execute(JUnit4TestSet.java:53)
	at org.apache.maven.surefire.junit4.JUnit4Provider.executeTestSet(JUnit4Provider.java:123)
	at org.apache.maven.surefire.junit4.JUnit4Provider.invoke(JUnit4Provider.java:104)
	at sun.reflect.NativeMethodAccessorImpl.invoke0(Native Method)
	at sun.reflect.NativeMethodAccessorImpl.invoke(NativeMethodAccessorImpl.java:57)
	at sun.reflect.DelegatingMethodAccessorImpl.invoke(DelegatingMethodAccessorImpl.java:43)
	at java.lang.reflect.Method.invoke(Method.java:601)
	at org.apache.maven.surefire.util.ReflectionUtils.invokeMethodWithArray(ReflectionUtils.java:164)
	at org.apache.maven.surefire.booter.ProviderFactory$ProviderProxy.invoke(ProviderFactory.java:110)
	at org.apache.maven.surefire.booter.SurefireStarter.invokeProvider(SurefireStarter.java:175)
	at org.apache.maven.surefire.booter.SurefireStarter.runSuitesInProcessWhenForked(SurefireStarter.java:107)
	at org.apache.maven.surefire.booter.ForkedBooter.main(ForkedBooter.java:68)
</failure>
  </testcase>
  <testcase time="0.001" classname="org.mashti.synopsis.MarkupFileTest" name="runTest[13: {1}]"/>
  <testcase time="0.001" classname="org.mashti.synopsis.MarkupFileTest" name="runTest[14: {1}]"/>
  <testcase time="0.002" classname="org.mashti.synopsis.MarkupFileTest" name="runTest[15: {1}]"/>
  <testcase time="0.001" classname="org.mashti.synopsis.MarkupFileTest" name="runTest[16: {1}]"/>
  <testcase time="0.001" classname="org.mashti.synopsis.MarkupFileTest" name="runTest[17: {1}]"/>
  <testcase time="0.001" classname="org.mashti.synopsis.MarkupFileTest" name="runTest[18: {1}]"/>
  <testcase time="0.001" classname="org.mashti.synopsis.MarkupFileTest" name="runTest[19: {1}]"/>
  <testcase time="0" classname="org.mashti.synopsis.MarkupFileTest" name="runTest[20: {1}]"/>
  <testcase time="0" classname="org.mashti.synopsis.MarkupFileTest" name="runTest[21: {1}]"/>
  <testcase time="0.002" classname="org.mashti.synopsis.MarkupFileTest" name="runTest[22: {1}]"/>
  <testcase time="0.002" classname="org.mashti.synopsis.MarkupFileTest" name="runTest[23: {1}]"/>
  <testcase time="0" classname="org.mashti.synopsis.MarkupFileTest" name="runTest[24: {1}]"/>
  <testcase time="0" classname="org.mashti.synopsis.MarkupFileTest" name="runTest[25: {1}]"/>
  <testcase time="0.001" classname="org.mashti.synopsis.MarkupFileTest" name="runTest[26: {1}]"/>
  <testcase time="0.001" classname="org.mashti.synopsis.MarkupFileTest" name="runTest[27: {1}]"/>
  <testcase time="0.003" classname="org.mashti.synopsis.MarkupFileTest" name="runTest[28: {1}]"/>
  <testcase time="0.001" classname="org.mashti.synopsis.MarkupFileTest" name="runTest[29: {1}]"/>
  <testcase time="0.001" classname="org.mashti.synopsis.MarkupFileTest" name="runTest[30: {1}]"/>
  <testcase time="0.001" classname="org.mashti.synopsis.MarkupFileTest" name="runTest[31: {1}]"/>
  <testcase time="0.001" classname="org.mashti.synopsis.MarkupFileTest" name="runTest[32: {1}]"/>
  <testcase time="0.001" classname="org.mashti.synopsis.MarkupFileTest" name="runTest[33: {1}]"/>
  <testcase time="0.001" classname="org.mashti.synopsis.MarkupFileTest" name="runTest[34: {1}]"/>
  <testcase time="0.001" classname="org.mashti.synopsis.MarkupFileTest" name="runTest[35: {1}]"/>
  <testcase time="0.002" classname="org.mashti.synopsis.MarkupFileTest" name="runTest[36: {1}]"/>
</testsuite>